COMMAND: S3TEST_CONF=s3.conf ./virtualenv/bin/nosetests -v --with-xunit --xunit-file=output/2019-06-21_1553/nosetests.xml --with-blacklist --blacklist-file=blacklists/blacklist-boto3.txt

ENVIRONMENT:
======================================================================
S3TEST_CONF=s3.conf
BOTO_CONFIG=boto.ini
======================================================================

CONFIG:
======================================================================
[DEFAULT]
host = s3.amazonaws.com
port = 443
is_secure = true

[fixtures]
bucket prefix = s3tests-{random}-

[s3 main]
user_id = 
display_name = 
email = 
access_key = 
secret_key = 

kms_keyid = ""
api_name = ""

[s3 alt]
user_id = 
display_name = 
email = 
access_key = 
secret_key = 

[s3 tenant]
display_name = 
user_id = 
access_key = 
secret_key = 
email = 
[Credentials]
aws_access_key_id = 
aws_secret_access_key = 

[Boto]
debug = 1
num_retries = 0
connection_stale_duration = 180
is_secure = true
https_validate_certificates = True
#ca_certificates_file = /etc/pki/ca-trust/source/Citi_DEVELOPMENT_chain.pem
http_socket_timeout = 100
send_crlf_after_proxy_auth_headers = False
======================================================================

s3tests.functional.test_headers.test_object_create_bad_contentlength_none ... ok
s3tests.functional.test_headers.test_object_create_bad_authorization_empty ... ok
s3tests.functional.test_headers.test_object_create_date_and_amz_date ... ok
s3tests.functional.test_headers.test_object_create_amz_date_and_no_date ... ok
s3tests.functional.test_headers.test_object_create_bad_authorization_none ... ok
s3tests.functional.test_headers.test_bucket_create_contentlength_none ... ok
s3tests.functional.test_headers.test_object_acl_create_contentlength_none ... ok
s3tests.functional.test_headers.test_bucket_create_bad_contentlength_empty ... ok
s3tests.functional.test_headers.test_bucket_create_bad_contentlength_none ... ok
s3tests.functional.test_headers.test_bucket_create_bad_authorization_empty ... ok
s3tests.functional.test_headers.test_bucket_create_bad_authorization_none ... ok
s3tests.functional.test_headers.test_object_create_bad_contentlength_mismatch_below_aws2 ... ok
s3tests.functional.test_headers.test_object_create_bad_authorization_incorrect_aws2 ... ok
s3tests.functional.test_headers.test_object_create_bad_authorization_invalid_aws2 ... ok
s3tests.functional.test_headers.test_object_create_bad_date_none_aws2 ... ok
s3tests.functional.test_headers.test_bucket_create_bad_authorization_invalid_aws2 ... ok
s3tests.functional.test_headers.test_bucket_create_bad_date_none_aws2 ... ok
s3tests.functional.test_s3.test_bucket_create_naming_bad_punctuation ... ok
s3tests.functional.test_s3.test_versioning_obj_read_not_exist_null ... FAIL
s3tests.functional.test_s3.test_append_object ... FAIL
s3tests.functional.test_s3.test_append_normal_object ... FAIL
s3tests.functional.test_s3.test_append_object_position_wrong ... FAIL
s3tests.functional.test_s3.test_logging_toggle ... ok
s3tests.functional.test_s3.test_atomic_write_bucket_gone ... ERROR
s3tests.functional.test_s3.test_encryption_sse_c_multipart_invalid_chunks_1 ... ERROR
s3tests.functional.test_s3.test_encryption_sse_c_multipart_invalid_chunks_2 ... ERROR
s3tests.functional.test_s3.test_bucket_policy_different_tenant ... ERROR
s3tests.functional.test_s3.test_bucket_policy_set_condition_operator_end_with_IfExists ... ok
s3tests.functional.test_s3.test_bucket_policy_put_obj_enc ... ERROR
s3tests.functional.test_s3.test_bucket_policy_put_obj_request_obj_tag ... FAIL
s3tests.functional.test_s3_website.check_can_test_website ... ok
ERROR
s3tests.fuzz.test.test_fuzzer.test_descend_leaf_node ... ok
s3tests.fuzz.test.test_fuzzer.test_descend_node ... ok
s3tests.fuzz.test.test_fuzzer.test_descend_bad_node ... ok
s3tests.fuzz.test.test_fuzzer.test_descend_nonexistant_child ... ok
s3tests.fuzz.test.test_fuzzer.test_expand_random_printable ... ok
s3tests.fuzz.test.test_fuzzer.test_expand_random_binary ... ok
s3tests.fuzz.test.test_fuzzer.test_expand_random_printable_no_whitespace ... ok
s3tests.fuzz.test.test_fuzzer.test_expand_random_binary_no_whitespace ... ok
s3tests.fuzz.test.test_fuzzer.test_expand_random_no_args ... ok
s3tests.fuzz.test.test_fuzzer.test_expand_random_no_charset ... ok
s3tests.fuzz.test.test_fuzzer.test_expand_random_exact_length ... ok
s3tests.fuzz.test.test_fuzzer.test_expand_random_bad_charset ... ok
s3tests.fuzz.test.test_fuzzer.test_expand_random_missing_length ... ok
s3tests.fuzz.test.test_fuzzer.test_assemble_decision ... ok
s3tests.fuzz.test.test_fuzzer.test_expand_escape ... ok
s3tests.fuzz.test.test_fuzzer.test_expand_indirect ... ok
s3tests.fuzz.test.test_fuzzer.test_expand_indirect_double ... ok
s3tests.fuzz.test.test_fuzzer.test_expand_recursive ... ok
s3tests.fuzz.test.test_fuzzer.test_expand_recursive_mutual ... ok
s3tests.fuzz.test.test_fuzzer.test_expand_recursive_not_too_eager ... ok
s3tests.fuzz.test.test_fuzzer.test_make_choice_unweighted_with_space ... ok
s3tests.fuzz.test.test_fuzzer.test_weighted_choices ... ok
s3tests.fuzz.test.test_fuzzer.test_null_choices ... ok
s3tests.fuzz.test.test_fuzzer.test_weighted_null_choices ... ok
s3tests.fuzz.test.test_fuzzer.test_null_child ... ok
s3tests.fuzz.test.test_fuzzer.test_weighted_set ... ok
s3tests.fuzz.test.test_fuzzer.test_header_presence ... ok
s3tests.fuzz.test.test_fuzzer.test_duplicate_header ... ok
s3tests.fuzz.test.test_fuzzer.test_expand_headers ... ok
test_realistic.TestFileValidator.test_new_file_is_valid ... ok
test_realistic.TestFileValidator.test_new_file_is_valid_on_several_calls ... ok
test_realistic.TestFileValidator.test_new_file_is_valid_when_size_is_1 ... ok
test_realistic.TestFiles.test_random_file_valid ... ok
test_realistic.TestFileValidator.test_new_file_is_valid ... ok
test_realistic.TestFileValidator.test_new_file_is_valid_on_several_calls ... ok
test_realistic.TestFileValidator.test_new_file_is_valid_when_size_is_1 ... ok
test_realistic.TestFiles.test_random_file_valid ... ok

======================================================================
ERROR: s3tests.functional.test_s3.test_atomic_write_bucket_gone
----------------------------------------------------------------------
Traceback (most recent call last):
  File "/root/s3-tests/virtualenv/lib/python2.7/site-packages/nose/case.py", line 197, in runTest
    self.test(*self.arg)
  File "/root/s3-tests/s3tests/functional/test_s3.py", line 869, in test_atomic_write_bucket_gone
    e = assert_raises(boto.exception.S3ResponseError, key.set_contents_from_file, fp_a)
  File "/root/s3-tests/s3tests/functional/utils.py", line 13, in assert_raises
    callableObj(*args, **kwargs)
  File "/root/s3-tests/virtualenv/lib/python2.7/site-packages/boto/s3/key.py", line 1309, in set_contents_from_file
    chunked_transfer=chunked_transfer, size=size)
  File "/root/s3-tests/virtualenv/lib/python2.7/site-packages/boto/s3/key.py", line 762, in send_file
    chunked_transfer=chunked_transfer, size=size)
  File "/root/s3-tests/virtualenv/lib/python2.7/site-packages/boto/s3/key.py", line 963, in _send_file_internal
    query_args=query_args
  File "/root/s3-tests/virtualenv/lib/python2.7/site-packages/boto/s3/connection.py", line 671, in make_request
    retry_handler=retry_handler
  File "/root/s3-tests/virtualenv/lib/python2.7/site-packages/boto/connection.py", line 1071, in make_request
    retry_handler=retry_handler)
  File "/root/s3-tests/virtualenv/lib/python2.7/site-packages/boto/connection.py", line 1030, in _mexe
    raise ex
error: [Errno 104] Connection reset by peer
-------------------- >> begin captured stdout << ---------------------
send: 'PUT /s3tests-henv606gq460v2mm8jmxp-23/ HTTP/1.1\r\nHost: s3.amazonaws.com\r\nAccept-Encoding: identity\r\nDate: Fri, 21 Jun 2019 20:53:18 GMT\r\nContent-Length: 0\r\nAuthorization: AWS :Rj0Pc1+94qXIFbSRREz2IB6Z/Nw=\r\nUser-Agent: Boto/2.49.0 Python/2.7.5 Linux/3.10.0-957.12.2.el7.x86_64\r\n\r\n'
reply: 'HTTP/1.1 200 OK\r\n'
header: x-amz-id-2: BR0YwioBNVq//Hqtffbn29rY+Im8iURE4dkZCXcmh0U21DOBfNEauiTZU7Plb3m9elnra++3y0A=
header: x-amz-request-id: 2A7B112866C1277C
header: Date: Fri, 21 Jun 2019 20:53:17 GMT
header: Location: /s3tests-henv606gq460v2mm8jmxp-23
header: Content-Length: 0
header: Server: AmazonS3
send: 'DELETE /s3tests-henv606gq460v2mm8jmxp-23/ HTTP/1.1\r\nHost: s3.amazonaws.com\r\nAccept-Encoding: identity\r\nDate: Fri, 21 Jun 2019 20:53:18 GMT\r\nContent-Length: 0\r\nAuthorization: AWS :Hq2f8Nf6LUI3VBTsiXVPoRdCxgc=\r\nUser-Agent: Boto/2.49.0 Python/2.7.5 Linux/3.10.0-957.12.2.el7.x86_64\r\n\r\n'
reply: 'HTTP/1.1 204 No Content\r\n'
header: x-amz-id-2: cGL9m5BrZcV+v8eYveNb+u6l9Y+NYLhkLmYOiVMPpEEIbrcEfE/padl0IlkFpcQE9ZK8ThQH314=
header: x-amz-request-id: 7053244660BE3633
header: Date: Fri, 21 Jun 2019 20:53:18 GMT
header: Server: AmazonS3
send: 'PUT /s3tests-henv606gq460v2mm8jmxp-23/foo HTTP/1.1\r\nHost: s3.amazonaws.com\r\nAccept-Encoding: identity\r\nContent-Length: 1048576\r\nContent-MD5: 5gZcSqKrFgMAj8GEEPV51A==\r\nExpect: 100-Continue\r\nDate: Fri, 21 Jun 2019 20:53:18 GMT\r\nUser-Agent: Boto/2.49.0 Python/2.7.5 Linux/3.10.0-957.12.2.el7.x86_64\r\nContent-Type: application/octet-stream\r\nAuthorization: AWS :uye3RlAFGxgeiqksVJ/S7RYEN64=\r\n\r\n'

--------------------- >> end captured stdout << ----------------------
-------------------- >> begin captured logging << --------------------
boto: DEBUG: path=/s3tests-henv606gq460v2mm8jmxp-23/
boto: DEBUG: auth_path=/s3tests-henv606gq460v2mm8jmxp-23/
boto: DEBUG: Method: PUT
boto: DEBUG: Path: /s3tests-henv606gq460v2mm8jmxp-23/
boto: DEBUG: Data: 
boto: DEBUG: Headers: {}
boto: DEBUG: Host: s3.amazonaws.com
boto: DEBUG: Port: 443
boto: DEBUG: Params: {}
boto: DEBUG: Token: None
boto: DEBUG: StringToSign:
PUT


Fri, 21 Jun 2019 20:53:18 GMT
/s3tests-henv606gq460v2mm8jmxp-23/
boto: DEBUG: Signature:
AWS :Rj0Pc1+94qXIFbSRREz2IB6Z/Nw=
boto: DEBUG: Final headers: {'Date': 'Fri, 21 Jun 2019 20:53:18 GMT', 'Content-Length': '0', 'Authorization': u'AWS :Rj0Pc1+94qXIFbSRREz2IB6Z/Nw=', 'User-Agent': 'Boto/2.49.0 Python/2.7.5 Linux/3.10.0-957.12.2.el7.x86_64'}
boto: DEBUG: Response headers: [('content-length', '0'), ('x-amz-id-2', 'BR0YwioBNVq//Hqtffbn29rY+Im8iURE4dkZCXcmh0U21DOBfNEauiTZU7Plb3m9elnra++3y0A='), ('server', 'AmazonS3'), ('x-amz-request-id', '2A7B112866C1277C'), ('location', '/s3tests-henv606gq460v2mm8jmxp-23'), ('date', 'Fri, 21 Jun 2019 20:53:17 GMT')]
boto: DEBUG: path=/s3tests-henv606gq460v2mm8jmxp-23/
boto: DEBUG: auth_path=/s3tests-henv606gq460v2mm8jmxp-23/
boto: DEBUG: Method: DELETE
boto: DEBUG: Path: /s3tests-henv606gq460v2mm8jmxp-23/
boto: DEBUG: Data: 
boto: DEBUG: Headers: {}
boto: DEBUG: Host: s3.amazonaws.com
boto: DEBUG: Port: 443
boto: DEBUG: Params: {}
boto: DEBUG: Token: None
boto: DEBUG: StringToSign:
DELETE


Fri, 21 Jun 2019 20:53:18 GMT
/s3tests-henv606gq460v2mm8jmxp-23/
boto: DEBUG: Signature:
AWS :Hq2f8Nf6LUI3VBTsiXVPoRdCxgc=
boto: DEBUG: Final headers: {'Date': 'Fri, 21 Jun 2019 20:53:18 GMT', 'Content-Length': '0', 'Authorization': u'AWS :Hq2f8Nf6LUI3VBTsiXVPoRdCxgc=', 'User-Agent': 'Boto/2.49.0 Python/2.7.5 Linux/3.10.0-957.12.2.el7.x86_64'}
boto: DEBUG: Response headers: [('x-amz-id-2', 'cGL9m5BrZcV+v8eYveNb+u6l9Y+NYLhkLmYOiVMPpEEIbrcEfE/padl0IlkFpcQE9ZK8ThQH314='), ('date', 'Fri, 21 Jun 2019 20:53:18 GMT'), ('x-amz-request-id', '7053244660BE3633'), ('server', 'AmazonS3')]
boto: DEBUG: path=/s3tests-henv606gq460v2mm8jmxp-23/foo
boto: DEBUG: auth_path=/s3tests-henv606gq460v2mm8jmxp-23/foo
boto: DEBUG: Method: PUT
boto: DEBUG: Path: /s3tests-henv606gq460v2mm8jmxp-23/foo
boto: DEBUG: Data: 
boto: DEBUG: Headers: {'Content-Length': '1048576', 'Content-MD5': u'5gZcSqKrFgMAj8GEEPV51A==', 'Content-Type': 'application/octet-stream', 'Expect': '100-Continue', 'User-Agent': 'Boto/2.49.0 Python/2.7.5 Linux/3.10.0-957.12.2.el7.x86_64'}
boto: DEBUG: Host: s3.amazonaws.com
boto: DEBUG: Port: 443
boto: DEBUG: Params: {}
boto: DEBUG: Token: None
boto: DEBUG: StringToSign:
PUT
5gZcSqKrFgMAj8GEEPV51A==
application/octet-stream
Fri, 21 Jun 2019 20:53:18 GMT
/s3tests-henv606gq460v2mm8jmxp-23/foo
boto: DEBUG: Signature:
AWS :uye3RlAFGxgeiqksVJ/S7RYEN64=
boto: DEBUG: Final headers: {'Content-Length': '1048576', 'Content-MD5': '5gZcSqKrFgMAj8GEEPV51A==', 'Expect': '100-Continue', 'Date': 'Fri, 21 Jun 2019 20:53:18 GMT', 'User-Agent': 'Boto/2.49.0 Python/2.7.5 Linux/3.10.0-957.12.2.el7.x86_64', 'Content-Type': 'application/octet-stream', 'Authorization': u'AWS :uye3RlAFGxgeiqksVJ/S7RYEN64='}
boto: DEBUG: encountered error exception, reconnecting
boto: DEBUG: establishing HTTPS connection: host=s3.amazonaws.com, kwargs={'port': 443, 'timeout': 100}
--------------------- >> end captured logging << ---------------------

======================================================================
ERROR: s3tests.functional.test_s3.test_encryption_sse_c_multipart_invalid_chunks_1
----------------------------------------------------------------------
Traceback (most recent call last):
  File "/root/s3-tests/virtualenv/lib/python2.7/site-packages/nose/case.py", line 197, in runTest
    self.test(*self.arg)
  File "/root/s3-tests/s3tests/functional/test_s3.py", line 922, in test_encryption_sse_c_multipart_invalid_chunks_1
    metadata={'foo': 'bar'})
  File "/root/s3-tests/s3tests/functional/utils.py", line 13, in assert_raises
    callableObj(*args, **kwargs)
  File "/root/s3-tests/s3tests/functional/test_s3.py", line 886, in _multipart_upload_enc
    transfer_part(bucket, upload.id, upload.key_name, i, part, part_headers)
  File "/root/s3-tests/s3tests/functional/test_s3.py", line 481, in transfer_part
    mp.upload_part_from_file(part_out, i+1, headers=headers)
  File "/root/s3-tests/virtualenv/lib/python2.7/site-packages/boto/s3/multipart.py", line 260, in upload_part_from_file
    query_args=query_args, size=size)
  File "/root/s3-tests/virtualenv/lib/python2.7/site-packages/boto/s3/key.py", line 1309, in set_contents_from_file
    chunked_transfer=chunked_transfer, size=size)
  File "/root/s3-tests/virtualenv/lib/python2.7/site-packages/boto/s3/key.py", line 762, in send_file
    chunked_transfer=chunked_transfer, size=size)
  File "/root/s3-tests/virtualenv/lib/python2.7/site-packages/boto/s3/key.py", line 963, in _send_file_internal
    query_args=query_args
  File "/root/s3-tests/virtualenv/lib/python2.7/site-packages/boto/s3/connection.py", line 671, in make_request
    retry_handler=retry_handler
  File "/root/s3-tests/virtualenv/lib/python2.7/site-packages/boto/connection.py", line 1071, in make_request
    retry_handler=retry_handler)
  File "/root/s3-tests/virtualenv/lib/python2.7/site-packages/boto/connection.py", line 1030, in _mexe
    raise ex
error: [Errno 104] Connection reset by peer
-------------------- >> begin captured logging << --------------------
boto: DEBUG: path=/s3tests-henv606gq460v2mm8jmxp-24/
boto: DEBUG: auth_path=/s3tests-henv606gq460v2mm8jmxp-24/
boto: DEBUG: Method: PUT
boto: DEBUG: Path: /s3tests-henv606gq460v2mm8jmxp-24/
boto: DEBUG: Data: 
boto: DEBUG: Headers: {}
boto: DEBUG: Host: s3.amazonaws.com
boto: DEBUG: Port: 443
boto: DEBUG: Params: {}
boto: DEBUG: establishing HTTPS connection: host=s3.amazonaws.com, kwargs={'port': 443, 'timeout': 100}
boto: DEBUG: Token: None
boto: DEBUG: StringToSign:
PUT


Fri, 21 Jun 2019 20:53:19 GMT
/s3tests-henv606gq460v2mm8jmxp-24/
boto: DEBUG: Signature:
AWS :8LT+qv3xZ39mTdN35er+0lxL/Yg=
boto: DEBUG: Final headers: {'Date': 'Fri, 21 Jun 2019 20:53:19 GMT', 'Content-Length': '0', 'Authorization': u'AWS :8LT+qv3xZ39mTdN35er+0lxL/Yg=', 'User-Agent': 'Boto/2.49.0 Python/2.7.5 Linux/3.10.0-957.12.2.el7.x86_64'}
boto: DEBUG: wrapping ssl socket; CA certificate file=/root/s3-tests/virtualenv/lib/python2.7/site-packages/boto/cacerts/cacerts.txt
boto: DEBUG: validating server certificate: hostname=s3.amazonaws.com, certificate hosts=['s3.amazonaws.com', '*.s3.amazonaws.com', '*.s3.dualstack.us-east-1.amazonaws.com', 's3.dualstack.us-east-1.amazonaws.com', '*.s3.us-east-1.amazonaws.com', 's3.us-east-1.amazonaws.com', '*.s3-control.us-east-1.amazonaws.com', 's3-control.us-east-1.amazonaws.com', '*.s3-control.dualstack.us-east-1.amazonaws.com', 's3-control.dualstack.us-east-1.amazonaws.com']
boto: DEBUG: Response headers: [('content-length', '0'), ('x-amz-id-2', '978VlH5PjvLEqzEQ3A2eAJ5rfAQlp700CGPJTPUKVyLfElsPmVgZT0FRAXJUvEoSkNR/2iOxjv0='), ('server', 'AmazonS3'), ('x-amz-request-id', '9D97AE586E3ABE86'), ('location', '/s3tests-henv606gq460v2mm8jmxp-24'), ('date', 'Fri, 21 Jun 2019 20:53:19 GMT')]
boto: DEBUG: path=/s3tests-henv606gq460v2mm8jmxp-24/multipart_enc
boto: DEBUG: auth_path=/s3tests-henv606gq460v2mm8jmxp-24/multipart_enc
boto: DEBUG: path=/s3tests-henv606gq460v2mm8jmxp-24/multipart_enc?uploads
boto: DEBUG: auth_path=/s3tests-henv606gq460v2mm8jmxp-24/multipart_enc?uploads
boto: DEBUG: Method: POST
boto: DEBUG: Path: /s3tests-henv606gq460v2mm8jmxp-24/multipart_enc?uploads
boto: DEBUG: Data: 
boto: DEBUG: Headers: {'x-amz-server-side-encryption-customer-key-md5': 'DWygnHRtgiJ77HCm+1rvHw==', 'x-amz-server-side-encryption-customer-algorithm': 'AES256', 'x-amz-server-side-encryption-customer-key': 'pO3upElrwuEXSoFwCfnZPdSsmt/xWeFa0N9KgDijwVs=', 'Content-Type': 'text/bla', 'x-amz-meta-foo': 'bar'}
boto: DEBUG: Host: s3.amazonaws.com
boto: DEBUG: Port: 443
boto: DEBUG: Params: {}
boto: DEBUG: Token: None
boto: DEBUG: StringToSign:
POST

text/bla
Fri, 21 Jun 2019 20:53:20 GMT
x-amz-meta-foo:bar
x-amz-server-side-encryption-customer-algorithm:AES256
x-amz-server-side-encryption-customer-key:pO3upElrwuEXSoFwCfnZPdSsmt/xWeFa0N9KgDijwVs=
x-amz-server-side-encryption-customer-key-md5:DWygnHRtgiJ77HCm+1rvHw==
/s3tests-henv606gq460v2mm8jmxp-24/multipart_enc?uploads
boto: DEBUG: Signature:
AWS :TxoSxy1F7KJj4J5Z69mEZlQL3OI=
boto: DEBUG: Final headers: {'x-amz-server-side-encryption-customer-key-md5': 'DWygnHRtgiJ77HCm+1rvHw==', 'Content-Length': '0', 'x-amz-server-side-encryption-customer-algorithm': 'AES256', 'User-Agent': 'Boto/2.49.0 Python/2.7.5 Linux/3.10.0-957.12.2.el7.x86_64', 'x-amz-server-side-encryption-customer-key': 'pO3upElrwuEXSoFwCfnZPdSsmt/xWeFa0N9KgDijwVs=', 'Authorization': u'AWS :TxoSxy1F7KJj4J5Z69mEZlQL3OI=', 'Date': 'Fri, 21 Jun 2019 20:53:20 GMT', 'Content-Type': 'text/bla', 'x-amz-meta-foo': 'bar'}
boto: DEBUG: Response headers: [('x-amz-server-side-encryption-customer-key-md5', 'DWygnHRtgiJ77HCm+1rvHw=='), ('x-amz-server-side-encryption-customer-algorithm', 'AES256'), ('x-amz-id-2', '18X1Q6d+bfHjpcoLNt4RLfadVGcD7v0+q7O+eox9EJTLYRq/Yclh3bt0oyBxpOlWHuOqGICzyXQ='), ('server', 'AmazonS3'), ('transfer-encoding', 'chunked'), ('x-amz-request-id', '5911351415EA594B'), ('date', 'Fri, 21 Jun 2019 20:53:19 GMT')]
boto: DEBUG: <?xml version="1.0" encoding="UTF-8"?>
<InitiateMultipartUploadResult xmlns="http://s3.amazonaws.com/doc/2006-03-01/"><Bucket>s3tests-henv606gq460v2mm8jmxp-24</Bucket><Key>multipart_enc</Key><UploadId>XZWzDGdLn2_CRq2dncrFRJZQqKofjl5f7fpTMXen9JWtaHEAumoOGEP.H0JlTlP5bZRykcuSdn0rR_6dEqFGFnr.Vn.ndOpGSF7b4q2o1f0yevPC9rN2jRnqqrx8Q9hH</UploadId></InitiateMultipartUploadResult>
boto: DEBUG: path=/s3tests-henv606gq460v2mm8jmxp-24/multipart_enc
boto: DEBUG: auth_path=/s3tests-henv606gq460v2mm8jmxp-24/multipart_enc
boto: DEBUG: path=/s3tests-henv606gq460v2mm8jmxp-24/multipart_enc?uploadId=XZWzDGdLn2_CRq2dncrFRJZQqKofjl5f7fpTMXen9JWtaHEAumoOGEP.H0JlTlP5bZRykcuSdn0rR_6dEqFGFnr.Vn.ndOpGSF7b4q2o1f0yevPC9rN2jRnqqrx8Q9hH&partNumber=1
boto: DEBUG: auth_path=/s3tests-henv606gq460v2mm8jmxp-24/multipart_enc?uploadId=XZWzDGdLn2_CRq2dncrFRJZQqKofjl5f7fpTMXen9JWtaHEAumoOGEP.H0JlTlP5bZRykcuSdn0rR_6dEqFGFnr.Vn.ndOpGSF7b4q2o1f0yevPC9rN2jRnqqrx8Q9hH&partNumber=1
boto: DEBUG: Method: PUT
boto: DEBUG: Path: /s3tests-henv606gq460v2mm8jmxp-24/multipart_enc?uploadId=XZWzDGdLn2_CRq2dncrFRJZQqKofjl5f7fpTMXen9JWtaHEAumoOGEP.H0JlTlP5bZRykcuSdn0rR_6dEqFGFnr.Vn.ndOpGSF7b4q2o1f0yevPC9rN2jRnqqrx8Q9hH&partNumber=1
boto: DEBUG: Data: 
boto: DEBUG: Headers: {'x-amz-server-side-encryption-customer-key-md5': 'arxBvwY2V4SiOne6yppVPQ==', 'Content-Length': '5242880', 'x-amz-server-side-encryption-customer-algorithm': 'AES256', 'Content-MD5': u'AKMWgdKzCIzLRmg+M77+Cg==', 'x-amz-server-side-encryption-customer-key': '6b+WOZ1T3cqZMxgThRcXAQBrS5mXKdDUphvpxptl9/4=', 'Expect': '100-Continue', 'User-Agent': 'Boto/2.49.0 Python/2.7.5 Linux/3.10.0-957.12.2.el7.x86_64', 'Content-Type': 'application/octet-stream'}
boto: DEBUG: Host: s3.amazonaws.com
boto: DEBUG: Port: 443
boto: DEBUG: Params: {}
boto: DEBUG: Token: None
boto: DEBUG: StringToSign:
PUT
AKMWgdKzCIzLRmg+M77+Cg==
application/octet-stream
Fri, 21 Jun 2019 20:53:20 GMT
x-amz-server-side-encryption-customer-algorithm:AES256
x-amz-server-side-encryption-customer-key:6b+WOZ1T3cqZMxgThRcXAQBrS5mXKdDUphvpxptl9/4=
x-amz-server-side-encryption-customer-key-md5:arxBvwY2V4SiOne6yppVPQ==
/s3tests-henv606gq460v2mm8jmxp-24/multipart_enc?partNumber=1&uploadId=XZWzDGdLn2_CRq2dncrFRJZQqKofjl5f7fpTMXen9JWtaHEAumoOGEP.H0JlTlP5bZRykcuSdn0rR_6dEqFGFnr.Vn.ndOpGSF7b4q2o1f0yevPC9rN2jRnqqrx8Q9hH
boto: DEBUG: Signature:
AWS :wchdIArdKeEgIi+uMOTPHbjAvto=
boto: DEBUG: Final headers: {'x-amz-server-side-encryption-customer-key-md5': 'arxBvwY2V4SiOne6yppVPQ==', 'Content-Length': '5242880', 'x-amz-server-side-encryption-customer-algorithm': 'AES256', 'Content-MD5': 'AKMWgdKzCIzLRmg+M77+Cg==', 'x-amz-server-side-encryption-customer-key': '6b+WOZ1T3cqZMxgThRcXAQBrS5mXKdDUphvpxptl9/4=', 'Expect': '100-Continue', 'Date': 'Fri, 21 Jun 2019 20:53:20 GMT', 'User-Agent': 'Boto/2.49.0 Python/2.7.5 Linux/3.10.0-957.12.2.el7.x86_64', 'Content-Type': 'application/octet-stream', 'Authorization': u'AWS :wchdIArdKeEgIi+uMOTPHbjAvto='}
boto: DEBUG: encountered error exception, reconnecting
boto: DEBUG: establishing HTTPS connection: host=s3.amazonaws.com, kwargs={'port': 443, 'timeout': 100}
--------------------- >> end captured logging << ---------------------

======================================================================
ERROR: s3tests.functional.test_s3.test_encryption_sse_c_multipart_invalid_chunks_2
----------------------------------------------------------------------
Traceback (most recent call last):
  File "/root/s3-tests/virtualenv/lib/python2.7/site-packages/nose/case.py", line 197, in runTest
    self.test(*self.arg)
  File "/root/s3-tests/s3tests/functional/test_s3.py", line 949, in test_encryption_sse_c_multipart_invalid_chunks_2
    metadata={'foo': 'bar'})
  File "/root/s3-tests/s3tests/functional/utils.py", line 13, in assert_raises
    callableObj(*args, **kwargs)
  File "/root/s3-tests/s3tests/functional/test_s3.py", line 886, in _multipart_upload_enc
    transfer_part(bucket, upload.id, upload.key_name, i, part, part_headers)
  File "/root/s3-tests/s3tests/functional/test_s3.py", line 481, in transfer_part
    mp.upload_part_from_file(part_out, i+1, headers=headers)
  File "/root/s3-tests/virtualenv/lib/python2.7/site-packages/boto/s3/multipart.py", line 260, in upload_part_from_file
    query_args=query_args, size=size)
  File "/root/s3-tests/virtualenv/lib/python2.7/site-packages/boto/s3/key.py", line 1309, in set_contents_from_file
    chunked_transfer=chunked_transfer, size=size)
  File "/root/s3-tests/virtualenv/lib/python2.7/site-packages/boto/s3/key.py", line 762, in send_file
    chunked_transfer=chunked_transfer, size=size)
  File "/root/s3-tests/virtualenv/lib/python2.7/site-packages/boto/s3/key.py", line 963, in _send_file_internal
    query_args=query_args
  File "/root/s3-tests/virtualenv/lib/python2.7/site-packages/boto/s3/connection.py", line 671, in make_request
    retry_handler=retry_handler
  File "/root/s3-tests/virtualenv/lib/python2.7/site-packages/boto/connection.py", line 1071, in make_request
    retry_handler=retry_handler)
  File "/root/s3-tests/virtualenv/lib/python2.7/site-packages/boto/connection.py", line 1030, in _mexe
    raise ex
error: [Errno 104] Connection reset by peer
-------------------- >> begin captured logging << --------------------
boto: DEBUG: path=/s3tests-henv606gq460v2mm8jmxp-25/
boto: DEBUG: auth_path=/s3tests-henv606gq460v2mm8jmxp-25/
boto: DEBUG: Method: PUT
boto: DEBUG: Path: /s3tests-henv606gq460v2mm8jmxp-25/
boto: DEBUG: Data: 
boto: DEBUG: Headers: {}
boto: DEBUG: Host: s3.amazonaws.com
boto: DEBUG: Port: 443
boto: DEBUG: Params: {}
boto: DEBUG: establishing HTTPS connection: host=s3.amazonaws.com, kwargs={'port': 443, 'timeout': 100}
boto: DEBUG: Token: None
boto: DEBUG: StringToSign:
PUT


Fri, 21 Jun 2019 20:53:20 GMT
/s3tests-henv606gq460v2mm8jmxp-25/
boto: DEBUG: Signature:
AWS :aHGqaKHej+908hxCMleqlJbvoQs=
boto: DEBUG: Final headers: {'Date': 'Fri, 21 Jun 2019 20:53:20 GMT', 'Content-Length': '0', 'Authorization': u'AWS :aHGqaKHej+908hxCMleqlJbvoQs=', 'User-Agent': 'Boto/2.49.0 Python/2.7.5 Linux/3.10.0-957.12.2.el7.x86_64'}
boto: DEBUG: wrapping ssl socket; CA certificate file=/root/s3-tests/virtualenv/lib/python2.7/site-packages/boto/cacerts/cacerts.txt
boto: DEBUG: validating server certificate: hostname=s3.amazonaws.com, certificate hosts=['s3.amazonaws.com', '*.s3.amazonaws.com', '*.s3.dualstack.us-east-1.amazonaws.com', 's3.dualstack.us-east-1.amazonaws.com', '*.s3.us-east-1.amazonaws.com', 's3.us-east-1.amazonaws.com', '*.s3-control.us-east-1.amazonaws.com', 's3-control.us-east-1.amazonaws.com', '*.s3-control.dualstack.us-east-1.amazonaws.com', 's3-control.dualstack.us-east-1.amazonaws.com']
boto: DEBUG: Response headers: [('content-length', '0'), ('x-amz-id-2', 'v34ogiNnFky+f+PmKBD/ONMxilUZ/lucX2W0PyihNpJKGeR97UZJCR0ZbERK8ABCYcwfSskrv+E='), ('server', 'AmazonS3'), ('x-amz-request-id', '054933B7B7EA75A5'), ('location', '/s3tests-henv606gq460v2mm8jmxp-25'), ('date', 'Fri, 21 Jun 2019 20:53:20 GMT')]
boto: DEBUG: path=/s3tests-henv606gq460v2mm8jmxp-25/multipart_enc
boto: DEBUG: auth_path=/s3tests-henv606gq460v2mm8jmxp-25/multipart_enc
boto: DEBUG: path=/s3tests-henv606gq460v2mm8jmxp-25/multipart_enc?uploads
boto: DEBUG: auth_path=/s3tests-henv606gq460v2mm8jmxp-25/multipart_enc?uploads
boto: DEBUG: Method: POST
boto: DEBUG: Path: /s3tests-henv606gq460v2mm8jmxp-25/multipart_enc?uploads
boto: DEBUG: Data: 
boto: DEBUG: Headers: {'x-amz-server-side-encryption-customer-key-md5': 'DWygnHRtgiJ77HCm+1rvHw==', 'x-amz-server-side-encryption-customer-algorithm': 'AES256', 'x-amz-server-side-encryption-customer-key': 'pO3upElrwuEXSoFwCfnZPdSsmt/xWeFa0N9KgDijwVs=', 'Content-Type': 'text/plain', 'x-amz-meta-foo': 'bar'}
boto: DEBUG: Host: s3.amazonaws.com
boto: DEBUG: Port: 443
boto: DEBUG: Params: {}
boto: DEBUG: Token: None
boto: DEBUG: StringToSign:
POST

text/plain
Fri, 21 Jun 2019 20:53:20 GMT
x-amz-meta-foo:bar
x-amz-server-side-encryption-customer-algorithm:AES256
x-amz-server-side-encryption-customer-key:pO3upElrwuEXSoFwCfnZPdSsmt/xWeFa0N9KgDijwVs=
x-amz-server-side-encryption-customer-key-md5:DWygnHRtgiJ77HCm+1rvHw==
/s3tests-henv606gq460v2mm8jmxp-25/multipart_enc?uploads
boto: DEBUG: Signature:
AWS :zna/M4l8lH2k5B2FjrDE0lw68d0=
boto: DEBUG: Final headers: {'x-amz-server-side-encryption-customer-key-md5': 'DWygnHRtgiJ77HCm+1rvHw==', 'Content-Length': '0', 'x-amz-server-side-encryption-customer-algorithm': 'AES256', 'User-Agent': 'Boto/2.49.0 Python/2.7.5 Linux/3.10.0-957.12.2.el7.x86_64', 'x-amz-server-side-encryption-customer-key': 'pO3upElrwuEXSoFwCfnZPdSsmt/xWeFa0N9KgDijwVs=', 'Authorization': u'AWS :zna/M4l8lH2k5B2FjrDE0lw68d0=', 'Date': 'Fri, 21 Jun 2019 20:53:20 GMT', 'Content-Type': 'text/plain', 'x-amz-meta-foo': 'bar'}
boto: DEBUG: Response headers: [('x-amz-server-side-encryption-customer-key-md5', 'DWygnHRtgiJ77HCm+1rvHw=='), ('x-amz-server-side-encryption-customer-algorithm', 'AES256'), ('x-amz-id-2', '+HZ8JLeGynM2Md/gfbd5EDKXtL0+5v/VPPpX0CSvzgNmlgJT5YwLs2VJv3TRNTVnthZcleb2pak='), ('server', 'AmazonS3'), ('transfer-encoding', 'chunked'), ('x-amz-request-id', 'EA860BCA1085E064'), ('date', 'Fri, 21 Jun 2019 20:53:20 GMT')]
boto: DEBUG: <?xml version="1.0" encoding="UTF-8"?>
<InitiateMultipartUploadResult xmlns="http://s3.amazonaws.com/doc/2006-03-01/"><Bucket>s3tests-henv606gq460v2mm8jmxp-25</Bucket><Key>multipart_enc</Key><UploadId>yKIUPEI1jOOxlGLTsHEI_icprx18XM3vAaPX1p_RA1ywZgvAYgvSrsj2leqVcbi1rkt3tHda6kY.AEodIRllxu05ngo4y9MQH5Hi099RWFebZD259k1GBv6kSawDR_ws</UploadId></InitiateMultipartUploadResult>
boto: DEBUG: path=/s3tests-henv606gq460v2mm8jmxp-25/multipart_enc
boto: DEBUG: auth_path=/s3tests-henv606gq460v2mm8jmxp-25/multipart_enc
boto: DEBUG: path=/s3tests-henv606gq460v2mm8jmxp-25/multipart_enc?uploadId=yKIUPEI1jOOxlGLTsHEI_icprx18XM3vAaPX1p_RA1ywZgvAYgvSrsj2leqVcbi1rkt3tHda6kY.AEodIRllxu05ngo4y9MQH5Hi099RWFebZD259k1GBv6kSawDR_ws&partNumber=1
boto: DEBUG: auth_path=/s3tests-henv606gq460v2mm8jmxp-25/multipart_enc?uploadId=yKIUPEI1jOOxlGLTsHEI_icprx18XM3vAaPX1p_RA1ywZgvAYgvSrsj2leqVcbi1rkt3tHda6kY.AEodIRllxu05ngo4y9MQH5Hi099RWFebZD259k1GBv6kSawDR_ws&partNumber=1
boto: DEBUG: Method: PUT
boto: DEBUG: Path: /s3tests-henv606gq460v2mm8jmxp-25/multipart_enc?uploadId=yKIUPEI1jOOxlGLTsHEI_icprx18XM3vAaPX1p_RA1ywZgvAYgvSrsj2leqVcbi1rkt3tHda6kY.AEodIRllxu05ngo4y9MQH5Hi099RWFebZD259k1GBv6kSawDR_ws&partNumber=1
boto: DEBUG: Data: 
boto: DEBUG: Headers: {'x-amz-server-side-encryption-customer-key-md5': 'AAAAAAAAAAAAAAAAAAAAAA==', 'Content-Length': '5242880', 'x-amz-server-side-encryption-customer-algorithm': 'AES256', 'Content-MD5': u'ui/J0Qj8W0WFuvmibW9EXg==', 'x-amz-server-side-encryption-customer-key': 'pO3upElrwuEXSoFwCfnZPdSsmt/xWeFa0N9KgDijwVs=', 'Expect': '100-Continue', 'User-Agent': 'Boto/2.49.0 Python/2.7.5 Linux/3.10.0-957.12.2.el7.x86_64', 'Content-Type': 'application/octet-stream'}
boto: DEBUG: Host: s3.amazonaws.com
boto: DEBUG: Port: 443
boto: DEBUG: Params: {}
boto: DEBUG: Token: None
boto: DEBUG: StringToSign:
PUT
ui/J0Qj8W0WFuvmibW9EXg==
application/octet-stream
Fri, 21 Jun 2019 20:53:20 GMT
x-amz-server-side-encryption-customer-algorithm:AES256
x-amz-server-side-encryption-customer-key:pO3upElrwuEXSoFwCfnZPdSsmt/xWeFa0N9KgDijwVs=
x-amz-server-side-encryption-customer-key-md5:AAAAAAAAAAAAAAAAAAAAAA==
/s3tests-henv606gq460v2mm8jmxp-25/multipart_enc?partNumber=1&uploadId=yKIUPEI1jOOxlGLTsHEI_icprx18XM3vAaPX1p_RA1ywZgvAYgvSrsj2leqVcbi1rkt3tHda6kY.AEodIRllxu05ngo4y9MQH5Hi099RWFebZD259k1GBv6kSawDR_ws
boto: DEBUG: Signature:
AWS :VTz5FFFPn6kYVjZnqeRpVPT80yM=
boto: DEBUG: Final headers: {'x-amz-server-side-encryption-customer-key-md5': 'AAAAAAAAAAAAAAAAAAAAAA==', 'Content-Length': '5242880', 'x-amz-server-side-encryption-customer-algorithm': 'AES256', 'Content-MD5': 'ui/J0Qj8W0WFuvmibW9EXg==', 'x-amz-server-side-encryption-customer-key': 'pO3upElrwuEXSoFwCfnZPdSsmt/xWeFa0N9KgDijwVs=', 'Expect': '100-Continue', 'Date': 'Fri, 21 Jun 2019 20:53:20 GMT', 'User-Agent': 'Boto/2.49.0 Python/2.7.5 Linux/3.10.0-957.12.2.el7.x86_64', 'Content-Type': 'application/octet-stream', 'Authorization': u'AWS :VTz5FFFPn6kYVjZnqeRpVPT80yM='}
boto: DEBUG: encountered error exception, reconnecting
boto: DEBUG: establishing HTTPS connection: host=s3.amazonaws.com, kwargs={'port': 443, 'timeout': 100}
--------------------- >> end captured logging << ---------------------

======================================================================
ERROR: s3tests.functional.test_s3.test_bucket_policy_different_tenant
----------------------------------------------------------------------
Traceback (most recent call last):
  File "/root/s3-tests/virtualenv/lib/python2.7/site-packages/nose/case.py", line 197, in runTest
    self.test(*self.arg)
  File "/root/s3-tests/s3tests/functional/test_s3.py", line 977, in test_bucket_policy_different_tenant
    bucket.set_policy(policy_document)
  File "/root/s3-tests/virtualenv/lib/python2.7/site-packages/boto/s3/bucket.py", line 1595, in set_policy
    response.status, response.reason, body)
S3ResponseError: S3ResponseError: 400 Bad Request
<?xml version="1.0" encoding="UTF-8"?>
<Error><Code>MalformedPolicy</Code><Message>Policy has invalid resource</Message><Detail>arn:aws:s3::*:s3tests-henv606gq460v2mm8jmxp-26/*</Detail><RequestId>D6CB314E23B12D3D</RequestId><HostId>0bq177nIb1DWAM4FbAnndxrl1VKT+YVwsxst/zmz6VvB/t+ZP8d7ybjQLEF3Us03yIA3O3IL+f0=</HostId></Error>
-------------------- >> begin captured logging << --------------------
boto: DEBUG: path=/s3tests-henv606gq460v2mm8jmxp-26/
boto: DEBUG: auth_path=/s3tests-henv606gq460v2mm8jmxp-26/
boto: DEBUG: Method: PUT
boto: DEBUG: Path: /s3tests-henv606gq460v2mm8jmxp-26/
boto: DEBUG: Data: 
boto: DEBUG: Headers: {}
boto: DEBUG: Host: s3.amazonaws.com
boto: DEBUG: Port: 443
boto: DEBUG: Params: {}
boto: DEBUG: establishing HTTPS connection: host=s3.amazonaws.com, kwargs={'port': 443, 'timeout': 100}
boto: DEBUG: Token: None
boto: DEBUG: StringToSign:
PUT


Fri, 21 Jun 2019 20:53:21 GMT
/s3tests-henv606gq460v2mm8jmxp-26/
boto: DEBUG: Signature:
AWS :Kaz9JJwqfOnwSp33eqtOWmA1pDw=
boto: DEBUG: Final headers: {'Date': 'Fri, 21 Jun 2019 20:53:21 GMT', 'Content-Length': '0', 'Authorization': u'AWS :Kaz9JJwqfOnwSp33eqtOWmA1pDw=', 'User-Agent': 'Boto/2.49.0 Python/2.7.5 Linux/3.10.0-957.12.2.el7.x86_64'}
boto: DEBUG: wrapping ssl socket; CA certificate file=/root/s3-tests/virtualenv/lib/python2.7/site-packages/boto/cacerts/cacerts.txt
boto: DEBUG: validating server certificate: hostname=s3.amazonaws.com, certificate hosts=['s3.amazonaws.com', '*.s3.amazonaws.com', '*.s3.dualstack.us-east-1.amazonaws.com', 's3.dualstack.us-east-1.amazonaws.com', '*.s3.us-east-1.amazonaws.com', 's3.us-east-1.amazonaws.com', '*.s3-control.us-east-1.amazonaws.com', 's3-control.us-east-1.amazonaws.com', '*.s3-control.dualstack.us-east-1.amazonaws.com', 's3-control.dualstack.us-east-1.amazonaws.com']
boto: DEBUG: Response headers: [('content-length', '0'), ('x-amz-id-2', 'KPcBQYUElh8nYyFNWwk/vHpPnGTtiUAVlt2tM5jbJFj9j3uSa74fCZ6sGLtiDrNjEEO+pp5Naig='), ('server', 'AmazonS3'), ('x-amz-request-id', '8692842348C72459'), ('location', '/s3tests-henv606gq460v2mm8jmxp-26'), ('date', 'Fri, 21 Jun 2019 20:53:20 GMT')]
boto: DEBUG: path=/s3tests-henv606gq460v2mm8jmxp-26/asdf
boto: DEBUG: auth_path=/s3tests-henv606gq460v2mm8jmxp-26/asdf
boto: DEBUG: Method: PUT
boto: DEBUG: Path: /s3tests-henv606gq460v2mm8jmxp-26/asdf
boto: DEBUG: Data: 
boto: DEBUG: Headers: {'Content-Length': '4', 'Content-MD5': u'kS7IA7LOSeSlQQaNSVq1cA==', 'Content-Type': 'application/octet-stream', 'Expect': '100-Continue', 'User-Agent': 'Boto/2.49.0 Python/2.7.5 Linux/3.10.0-957.12.2.el7.x86_64'}
boto: DEBUG: Host: s3.amazonaws.com
boto: DEBUG: Port: 443
boto: DEBUG: Params: {}
boto: DEBUG: Token: None
boto: DEBUG: StringToSign:
PUT
kS7IA7LOSeSlQQaNSVq1cA==
application/octet-stream
Fri, 21 Jun 2019 20:53:21 GMT
/s3tests-henv606gq460v2mm8jmxp-26/asdf
boto: DEBUG: Signature:
AWS :i78p8GJbnnppD21NZAEZJFxJfhI=
boto: DEBUG: Final headers: {'Content-Length': '4', 'Content-MD5': 'kS7IA7LOSeSlQQaNSVq1cA==', 'Expect': '100-Continue', 'Date': 'Fri, 21 Jun 2019 20:53:21 GMT', 'User-Agent': 'Boto/2.49.0 Python/2.7.5 Linux/3.10.0-957.12.2.el7.x86_64', 'Content-Type': 'application/octet-stream', 'Authorization': u'AWS :i78p8GJbnnppD21NZAEZJFxJfhI='}
boto: DEBUG: Response headers: [('content-length', '0'), ('x-amz-id-2', 'BJY3I8uNi3gPntNaIMxcDg5cHukbEWmt6yjV41wyyLur05TRuxOGVZ0bzrhgydwc5vM5km88L2E='), ('server', 'AmazonS3'), ('x-amz-request-id', '7DE823B7F565ACA6'), ('etag', '"912ec803b2ce49e4a541068d495ab570"'), ('date', 'Fri, 21 Jun 2019 20:53:21 GMT')]
boto: DEBUG: path=/s3tests-henv606gq460v2mm8jmxp-26/
boto: DEBUG: auth_path=/s3tests-henv606gq460v2mm8jmxp-26/
boto: DEBUG: path=/s3tests-henv606gq460v2mm8jmxp-26/?policy
boto: DEBUG: auth_path=/s3tests-henv606gq460v2mm8jmxp-26/?policy
boto: DEBUG: Method: PUT
boto: DEBUG: Path: /s3tests-henv606gq460v2mm8jmxp-26/?policy
boto: DEBUG: Data: {"Version": "2012-10-17", "Statement": [{"Action": "s3:ListBucket", "Resource": ["arn:aws:s3::*:s3tests-henv606gq460v2mm8jmxp-26", "arn:aws:s3::*:s3tests-henv606gq460v2mm8jmxp-26/*"], "Effect": "Allow", "Principal": {"AWS": "*"}}]}
boto: DEBUG: Headers: {}
boto: DEBUG: Host: s3.amazonaws.com
boto: DEBUG: Port: 443
boto: DEBUG: Params: {}
boto: DEBUG: Token: None
boto: DEBUG: StringToSign:
PUT


Fri, 21 Jun 2019 20:53:21 GMT
/s3tests-henv606gq460v2mm8jmxp-26/?policy
boto: DEBUG: Signature:
AWS :WNMR/wFhWrgr5YG883Z5YUB+hzg=
boto: DEBUG: Final headers: {'Date': 'Fri, 21 Jun 2019 20:53:21 GMT', 'Content-Length': '231', 'Authorization': u'AWS :WNMR/wFhWrgr5YG883Z5YUB+hzg=', 'User-Agent': 'Boto/2.49.0 Python/2.7.5 Linux/3.10.0-957.12.2.el7.x86_64'}
boto: DEBUG: Response headers: [('x-amz-id-2', '0bq177nIb1DWAM4FbAnndxrl1VKT+YVwsxst/zmz6VvB/t+ZP8d7ybjQLEF3Us03yIA3O3IL+f0='), ('server', 'AmazonS3'), ('transfer-encoding', 'chunked'), ('connection', 'close'), ('x-amz-request-id', 'D6CB314E23B12D3D'), ('date', 'Fri, 21 Jun 2019 20:53:19 GMT'), ('content-type', 'application/xml')]
--------------------- >> end captured logging << ---------------------

======================================================================
ERROR: s3tests.functional.test_s3.test_bucket_policy_put_obj_enc
----------------------------------------------------------------------
Traceback (most recent call last):
  File "/root/s3-tests/virtualenv/lib/python2.7/site-packages/nose/case.py", line 197, in runTest
    self.test(*self.arg)
  File "/root/s3-tests/s3tests/functional/test_s3.py", line 1072, in test_bucket_policy_put_obj_enc
    key1.set_contents_from_string(key1_str, headers=sse_client_headers)
  File "/root/s3-tests/virtualenv/lib/python2.7/site-packages/boto/s3/key.py", line 1442, in set_contents_from_string
    encrypt_key=encrypt_key)
  File "/root/s3-tests/virtualenv/lib/python2.7/site-packages/boto/s3/key.py", line 1309, in set_contents_from_file
    chunked_transfer=chunked_transfer, size=size)
  File "/root/s3-tests/virtualenv/lib/python2.7/site-packages/boto/s3/key.py", line 762, in send_file
    chunked_transfer=chunked_transfer, size=size)
  File "/root/s3-tests/virtualenv/lib/python2.7/site-packages/boto/s3/key.py", line 963, in _send_file_internal
    query_args=query_args
  File "/root/s3-tests/virtualenv/lib/python2.7/site-packages/boto/s3/connection.py", line 671, in make_request
    retry_handler=retry_handler
  File "/root/s3-tests/virtualenv/lib/python2.7/site-packages/boto/connection.py", line 1071, in make_request
    retry_handler=retry_handler)
  File "/root/s3-tests/virtualenv/lib/python2.7/site-packages/boto/connection.py", line 940, in _mexe
    request.body, request.headers)
  File "/root/s3-tests/virtualenv/lib/python2.7/site-packages/boto/s3/key.py", line 896, in sender
    response.status, response.reason, body)
S3ResponseError: S3ResponseError: 400 Bad Request
<?xml version="1.0" encoding="UTF-8"?>
<Error><Code>InvalidArgument</Code><Message>Server Side Encryption with Customer provided key is incompatible with the encryption method specified</Message><ArgumentName>x-amz-server-side-encryption</ArgumentName><ArgumentValue>AES256</ArgumentValue><RequestId>A3AD99E2C387C41B</RequestId><HostId>0W6hWh+PFQjUySHNzSwDJZuet9fsKgaohwIrzpK7/hLnJqi9Itllhh023gxWJW07Lq0KPmOx8LI=</HostId></Error>
-------------------- >> begin captured logging << --------------------
boto: DEBUG: path=/s3tests-henv606gq460v2mm8jmxp-28/
boto: DEBUG: auth_path=/s3tests-henv606gq460v2mm8jmxp-28/
boto: DEBUG: Method: PUT
boto: DEBUG: Path: /s3tests-henv606gq460v2mm8jmxp-28/
boto: DEBUG: Data: 
boto: DEBUG: Headers: {}
boto: DEBUG: Host: s3.amazonaws.com
boto: DEBUG: Port: 443
boto: DEBUG: Params: {}
boto: DEBUG: Token: None
boto: DEBUG: StringToSign:
PUT


Fri, 21 Jun 2019 20:53:23 GMT
/s3tests-henv606gq460v2mm8jmxp-28/
boto: DEBUG: Signature:
AWS :Yh9uhOcjDHiNbpomtWNIyDBjXXk=
boto: DEBUG: Final headers: {'Date': 'Fri, 21 Jun 2019 20:53:23 GMT', 'Content-Length': '0', 'Authorization': u'AWS :Yh9uhOcjDHiNbpomtWNIyDBjXXk=', 'User-Agent': 'Boto/2.49.0 Python/2.7.5 Linux/3.10.0-957.12.2.el7.x86_64'}
boto: DEBUG: Response headers: [('content-length', '0'), ('x-amz-id-2', '9j7u2xao4Ji7p9N8DmQXNal90f915lTi/u2ULcJNZBpeDrIPASLZ13XGIXwQekt1LFbd/xosHPo='), ('server', 'AmazonS3'), ('x-amz-request-id', '0F98DB61DD58533F'), ('location', '/s3tests-henv606gq460v2mm8jmxp-28'), ('date', 'Fri, 21 Jun 2019 20:53:22 GMT')]
boto: DEBUG: path=/s3tests-henv606gq460v2mm8jmxp-28/
boto: DEBUG: auth_path=/s3tests-henv606gq460v2mm8jmxp-28/
boto: DEBUG: path=/s3tests-henv606gq460v2mm8jmxp-28/?policy
boto: DEBUG: auth_path=/s3tests-henv606gq460v2mm8jmxp-28/?policy
boto: DEBUG: Method: PUT
boto: DEBUG: Path: /s3tests-henv606gq460v2mm8jmxp-28/?policy
boto: DEBUG: Data: {"Version": "2012-10-17", "Statement": [{"Action": "s3:PutObject", "Resource": "arn:aws:s3:::s3tests-henv606gq460v2mm8jmxp-28/*", "Effect": "Deny", "Condition": {"StringNotEquals": {"s3:x-amz-server-side-encryption": "AES256"}}, "Principal": {"AWS": "*"}}, {"Action": "s3:PutObject", "Resource": "arn:aws:s3:::s3tests-henv606gq460v2mm8jmxp-28/*", "Effect": "Deny", "Condition": {"Null": {"s3:x-amz-server-side-encryption": "true"}}, "Principal": {"AWS": "*"}}]}
boto: DEBUG: Headers: {}
boto: DEBUG: Host: s3.amazonaws.com
boto: DEBUG: Port: 443
boto: DEBUG: Params: {}
boto: DEBUG: Token: None
boto: DEBUG: StringToSign:
PUT


Fri, 21 Jun 2019 20:53:23 GMT
/s3tests-henv606gq460v2mm8jmxp-28/?policy
boto: DEBUG: Signature:
AWS :UuYAwb1a4oXQJT3oJJsJLNDPORM=
boto: DEBUG: Final headers: {'Date': 'Fri, 21 Jun 2019 20:53:23 GMT', 'Content-Length': '461', 'Authorization': u'AWS :UuYAwb1a4oXQJT3oJJsJLNDPORM=', 'User-Agent': 'Boto/2.49.0 Python/2.7.5 Linux/3.10.0-957.12.2.el7.x86_64'}
boto: DEBUG: Response headers: [('x-amz-id-2', '4+m46S66NkJGYw8X0GcdMSdvG7D0Op/rBt98N/bJ8/Qo8wQ4xz+lONlqSsBvkJ7jvyE+C3LL1aE='), ('date', 'Fri, 21 Jun 2019 20:53:23 GMT'), ('x-amz-request-id', 'ACCAC2D2F91A3B53'), ('server', 'AmazonS3')]
boto: DEBUG: path=/s3tests-henv606gq460v2mm8jmxp-28/testobj
boto: DEBUG: auth_path=/s3tests-henv606gq460v2mm8jmxp-28/testobj
boto: DEBUG: Method: PUT
boto: DEBUG: Path: /s3tests-henv606gq460v2mm8jmxp-28/testobj
boto: DEBUG: Data: 
boto: DEBUG: Headers: {'Content-Length': '7', 'Content-MD5': u'zcU7hseB6FReRwDe376UCQ==', 'Content-Type': 'application/octet-stream', 'Expect': '100-Continue', 'User-Agent': 'Boto/2.49.0 Python/2.7.5 Linux/3.10.0-957.12.2.el7.x86_64'}
boto: DEBUG: Host: s3.amazonaws.com
boto: DEBUG: Port: 443
boto: DEBUG: Params: {}
boto: DEBUG: Token: None
boto: DEBUG: StringToSign:
PUT
zcU7hseB6FReRwDe376UCQ==
application/octet-stream
Fri, 21 Jun 2019 20:53:23 GMT
/s3tests-henv606gq460v2mm8jmxp-28/testobj
boto: DEBUG: Signature:
AWS :dXSp3NhQeAeopiQCaV7doWxcbdY=
boto: DEBUG: Final headers: {'Content-Length': '7', 'Content-MD5': 'zcU7hseB6FReRwDe376UCQ==', 'Expect': '100-Continue', 'Date': 'Fri, 21 Jun 2019 20:53:23 GMT', 'User-Agent': 'Boto/2.49.0 Python/2.7.5 Linux/3.10.0-957.12.2.el7.x86_64', 'Content-Type': 'application/octet-stream', 'Authorization': u'AWS :dXSp3NhQeAeopiQCaV7doWxcbdY='}
boto: DEBUG: path=/s3tests-henv606gq460v2mm8jmxp-28/testobj
boto: DEBUG: auth_path=/s3tests-henv606gq460v2mm8jmxp-28/testobj
boto: DEBUG: Method: PUT
boto: DEBUG: Path: /s3tests-henv606gq460v2mm8jmxp-28/testobj
boto: DEBUG: Data: 
boto: DEBUG: Headers: {'x-amz-server-side-encryption-customer-key-md5': 'DWygnHRtgiJ77HCm+1rvHw==', 'Content-Length': '7', 'x-amz-server-side-encryption-customer-algorithm': 'AES256', 'Content-MD5': u'zcU7hseB6FReRwDe376UCQ==', 'User-Agent': 'Boto/2.49.0 Python/2.7.5 Linux/3.10.0-957.12.2.el7.x86_64', 'x-amz-server-side-encryption-customer-key': 'pO3upElrwuEXSoFwCfnZPdSsmt/xWeFa0N9KgDijwVs=', 'Expect': '100-Continue', 'x-amz-server-side-encryption': 'AES256', 'Content-Type': 'application/octet-stream'}
boto: DEBUG: Host: s3.amazonaws.com
boto: DEBUG: Port: 443
boto: DEBUG: Params: {}
boto: DEBUG: establishing HTTPS connection: host=s3.amazonaws.com, kwargs={'port': 443, 'timeout': 100}
boto: DEBUG: Token: None
boto: DEBUG: StringToSign:
PUT
zcU7hseB6FReRwDe376UCQ==
application/octet-stream
Fri, 21 Jun 2019 20:53:23 GMT
x-amz-server-side-encryption:AES256
x-amz-server-side-encryption-customer-algorithm:AES256
x-amz-server-side-encryption-customer-key:pO3upElrwuEXSoFwCfnZPdSsmt/xWeFa0N9KgDijwVs=
x-amz-server-side-encryption-customer-key-md5:DWygnHRtgiJ77HCm+1rvHw==
/s3tests-henv606gq460v2mm8jmxp-28/testobj
boto: DEBUG: Signature:
AWS :Bs+HKhXL1q3dcaIOZhOWXJy5Fgg=
boto: DEBUG: Final headers: {'x-amz-server-side-encryption-customer-key-md5': 'DWygnHRtgiJ77HCm+1rvHw==', 'Content-Length': '7', 'x-amz-server-side-encryption-customer-algorithm': 'AES256', 'Content-MD5': 'zcU7hseB6FReRwDe376UCQ==', 'User-Agent': 'Boto/2.49.0 Python/2.7.5 Linux/3.10.0-957.12.2.el7.x86_64', 'x-amz-server-side-encryption-customer-key': 'pO3upElrwuEXSoFwCfnZPdSsmt/xWeFa0N9KgDijwVs=', 'Expect': '100-Continue', 'Date': 'Fri, 21 Jun 2019 20:53:23 GMT', 'x-amz-server-side-encryption': 'AES256', 'Content-Type': 'application/octet-stream', 'Authorization': u'AWS :Bs+HKhXL1q3dcaIOZhOWXJy5Fgg='}
boto: DEBUG: wrapping ssl socket; CA certificate file=/root/s3-tests/virtualenv/lib/python2.7/site-packages/boto/cacerts/cacerts.txt
boto: DEBUG: validating server certificate: hostname=s3.amazonaws.com, certificate hosts=['s3.amazonaws.com', '*.s3.amazonaws.com', '*.s3.dualstack.us-east-1.amazonaws.com', 's3.dualstack.us-east-1.amazonaws.com', '*.s3.us-east-1.amazonaws.com', 's3.us-east-1.amazonaws.com', '*.s3-control.us-east-1.amazonaws.com', 's3-control.us-east-1.amazonaws.com', '*.s3-control.dualstack.us-east-1.amazonaws.com', 's3-control.dualstack.us-east-1.amazonaws.com']
--------------------- >> end captured logging << ---------------------

======================================================================
ERROR: test suite for <module 's3tests.functional' from '/root/s3-tests/s3tests/functional/__init__.pyc'>
----------------------------------------------------------------------
Traceback (most recent call last):
  File "/root/s3-tests/virtualenv/lib/python2.7/site-packages/nose/suite.py", line 228, in run
    self.tearDown()
  File "/root/s3-tests/virtualenv/lib/python2.7/site-packages/nose/suite.py", line 351, in tearDown
    self.teardownContext(ancestor)
  File "/root/s3-tests/virtualenv/lib/python2.7/site-packages/nose/suite.py", line 367, in teardownContext
    try_run(context, names)
  File "/root/s3-tests/virtualenv/lib/python2.7/site-packages/nose/util.py", line 471, in try_run
    return func()
  File "/root/s3-tests/s3tests/functional/__init__.py", line 373, in teardown
    nuke_prefixed_buckets(prefix=prefix)
  File "/root/s3-tests/s3tests/functional/__init__.py", line 121, in nuke_prefixed_buckets
    nuke_prefixed_buckets_on_conn(prefix, name, conn)
  File "/root/s3-tests/s3tests/functional/__init__.py", line 67, in nuke_prefixed_buckets_on_conn
    for bucket in conn.get_all_buckets():
  File "/root/s3-tests/virtualenv/lib/python2.7/site-packages/boto/s3/connection.py", line 443, in get_all_buckets
    response = self.make_request('GET', headers=headers)
  File "/root/s3-tests/virtualenv/lib/python2.7/site-packages/boto/s3/connection.py", line 671, in make_request
    retry_handler=retry_handler
  File "/root/s3-tests/virtualenv/lib/python2.7/site-packages/boto/connection.py", line 1071, in make_request
    retry_handler=retry_handler)
  File "/root/s3-tests/virtualenv/lib/python2.7/site-packages/boto/connection.py", line 1030, in _mexe
    raise ex
BadStatusLine: ''
-------------------- >> begin captured logging << --------------------
boto: DEBUG: path=/
boto: DEBUG: auth_path=/
boto: DEBUG: Method: GET
boto: DEBUG: Path: /
boto: DEBUG: Data: 
boto: DEBUG: Headers: {}
boto: DEBUG: Host: s3.amazonaws.com
boto: DEBUG: Port: 443
boto: DEBUG: Params: {}
boto: DEBUG: Token: None
boto: DEBUG: StringToSign:
GET


Fri, 21 Jun 2019 20:53:25 GMT
/
boto: DEBUG: Signature:
AWS :rlpiY4+PAlvpUmCocDEEphEJB24=
boto: DEBUG: Final headers: {'Date': 'Fri, 21 Jun 2019 20:53:25 GMT', 'Content-Length': '0', 'Authorization': u'AWS :rlpiY4+PAlvpUmCocDEEphEJB24=', 'User-Agent': 'Boto/2.49.0 Python/2.7.5 Linux/3.10.0-957.12.2.el7.x86_64'}
boto: DEBUG: encountered BadStatusLine exception, reconnecting
boto: DEBUG: establishing HTTPS connection: host=s3.amazonaws.com, kwargs={'port': 443, 'timeout': 100}
--------------------- >> end captured logging << ---------------------

======================================================================
FAIL: s3tests.functional.test_s3.test_versioning_obj_read_not_exist_null
----------------------------------------------------------------------
Traceback (most recent call last):
  File "/root/s3-tests/virtualenv/lib/python2.7/site-packages/nose/case.py", line 197, in runTest
    self.test(*self.arg)
  File "/root/s3-tests/s3tests/functional/test_s3.py", line 142, in test_versioning_obj_read_not_exist_null
    check_configure_versioning_retry(bucket, True, "Enabled")
  File "/root/s3-tests/s3tests/functional/test_s3.py", line 131, in check_configure_versioning_retry
    eq(expected_string, read_status)
AssertionError: 'Enabled' != None
-------------------- >> begin captured logging << --------------------
boto: DEBUG: path=/s3tests-henv606gq460v2mm8jmxp-18/
boto: DEBUG: auth_path=/s3tests-henv606gq460v2mm8jmxp-18/
boto: DEBUG: Method: PUT
boto: DEBUG: Path: /s3tests-henv606gq460v2mm8jmxp-18/
boto: DEBUG: Data: 
boto: DEBUG: Headers: {}
boto: DEBUG: Host: s3.amazonaws.com
boto: DEBUG: Port: 443
boto: DEBUG: Params: {}
boto: DEBUG: establishing HTTPS connection: host=s3.amazonaws.com, kwargs={'port': 443, 'timeout': 100}
boto: DEBUG: Token: None
boto: DEBUG: StringToSign:
PUT


Fri, 21 Jun 2019 20:53:09 GMT
/s3tests-henv606gq460v2mm8jmxp-18/
boto: DEBUG: Signature:
AWS :8A2EKi1u01S31leDqBt7musZ8A4=
boto: DEBUG: Final headers: {'Date': 'Fri, 21 Jun 2019 20:53:09 GMT', 'Content-Length': '0', 'Authorization': u'AWS :8A2EKi1u01S31leDqBt7musZ8A4=', 'User-Agent': 'Boto/2.49.0 Python/2.7.5 Linux/3.10.0-957.12.2.el7.x86_64'}
boto: DEBUG: wrapping ssl socket; CA certificate file=/root/s3-tests/virtualenv/lib/python2.7/site-packages/boto/cacerts/cacerts.txt
boto: DEBUG: validating server certificate: hostname=s3.amazonaws.com, certificate hosts=['s3.amazonaws.com', '*.s3.amazonaws.com', '*.s3.dualstack.us-east-1.amazonaws.com', 's3.dualstack.us-east-1.amazonaws.com', '*.s3.us-east-1.amazonaws.com', 's3.us-east-1.amazonaws.com', '*.s3-control.us-east-1.amazonaws.com', 's3-control.us-east-1.amazonaws.com', '*.s3-control.dualstack.us-east-1.amazonaws.com', 's3-control.dualstack.us-east-1.amazonaws.com']
boto: DEBUG: Response headers: [('content-length', '0'), ('x-amz-id-2', 'Ddgo3GU4DV0oF5BDfuwdfmrvfkvwlR01jhAVxSa1Zbt5n5k0s81QofEUbdu2z/UkolE0VPmgObk='), ('server', 'AmazonS3'), ('x-amz-request-id', '58F65F24F6B51B86'), ('location', '/s3tests-henv606gq460v2mm8jmxp-18'), ('date', 'Fri, 21 Jun 2019 20:53:09 GMT')]
boto: DEBUG: path=/s3tests-henv606gq460v2mm8jmxp-18/
boto: DEBUG: auth_path=/s3tests-henv606gq460v2mm8jmxp-18/
boto: DEBUG: path=/s3tests-henv606gq460v2mm8jmxp-18/?versioning
boto: DEBUG: auth_path=/s3tests-henv606gq460v2mm8jmxp-18/?versioning
boto: DEBUG: Method: GET
boto: DEBUG: Path: /s3tests-henv606gq460v2mm8jmxp-18/?versioning
boto: DEBUG: Data: 
boto: DEBUG: Headers: {}
boto: DEBUG: Host: s3.amazonaws.com
boto: DEBUG: Port: 443
boto: DEBUG: Params: {}
boto: DEBUG: Token: None
boto: DEBUG: StringToSign:
GET


Fri, 21 Jun 2019 20:53:10 GMT
/s3tests-henv606gq460v2mm8jmxp-18/?versioning
boto: DEBUG: Signature:
AWS :/gPTMddRNl4jf+gLsXZJn0BXaM8=
boto: DEBUG: Final headers: {'Date': 'Fri, 21 Jun 2019 20:53:10 GMT', 'Content-Length': '0', 'Authorization': u'AWS :/gPTMddRNl4jf+gLsXZJn0BXaM8=', 'User-Agent': 'Boto/2.49.0 Python/2.7.5 Linux/3.10.0-957.12.2.el7.x86_64'}
boto: DEBUG: Response headers: [('x-amz-id-2', 'ae8/n0GLlVzSwDpn4/ZqthyVEBQY45dCQsPvro7KE7LrChr65pSPHprslvadMUx+zXVNIiruJ5g='), ('date', 'Fri, 21 Jun 2019 20:53:09 GMT'), ('transfer-encoding', 'chunked'), ('x-amz-request-id', '67D6BB15E35DC6B4'), ('server', 'AmazonS3')]
boto: DEBUG: <?xml version="1.0" encoding="UTF-8"?>
<VersioningConfiguration xmlns="http://s3.amazonaws.com/doc/2006-03-01/"/>
boto: DEBUG: path=/s3tests-henv606gq460v2mm8jmxp-18/
boto: DEBUG: auth_path=/s3tests-henv606gq460v2mm8jmxp-18/
boto: DEBUG: path=/s3tests-henv606gq460v2mm8jmxp-18/?versioning
boto: DEBUG: auth_path=/s3tests-henv606gq460v2mm8jmxp-18/?versioning
boto: DEBUG: Method: PUT
boto: DEBUG: Path: /s3tests-henv606gq460v2mm8jmxp-18/?versioning
boto: DEBUG: Data: <?xml version="1.0" encoding="UTF-8"?>
       <VersioningConfiguration xmlns="http://s3.amazonaws.com/doc/2006-03-01/">
         <Status>Enabled</Status>
         <MfaDelete>Disabled</MfaDelete>
       </VersioningConfiguration>
boto: DEBUG: Headers: {}
boto: DEBUG: Host: s3.amazonaws.com
boto: DEBUG: Port: 443
boto: DEBUG: Params: {}
boto: DEBUG: Token: None
boto: DEBUG: StringToSign:
PUT


Fri, 21 Jun 2019 20:53:10 GMT
/s3tests-henv606gq460v2mm8jmxp-18/?versioning
boto: DEBUG: Signature:
AWS :cfbjlOmfT8d4w0kL/hbcbiE6hNs=
boto: DEBUG: Final headers: {'Date': 'Fri, 21 Jun 2019 20:53:10 GMT', 'Content-Length': '228', 'Authorization': u'AWS :cfbjlOmfT8d4w0kL/hbcbiE6hNs=', 'User-Agent': 'Boto/2.49.0 Python/2.7.5 Linux/3.10.0-957.12.2.el7.x86_64'}
boto: DEBUG: Response headers: [('x-amz-id-2', 'Nw87BOLebefIMjoW2eZMb1bneyKI98HbaDbQMkG2S5w8/2pnmqAWldvgQi6ja8QBWy1BUfvYWv0='), ('date', 'Fri, 21 Jun 2019 20:53:09 GMT'), ('content-length', '0'), ('x-amz-request-id', '4BB10588B97367BB'), ('server', 'AmazonS3')]
boto: DEBUG: path=/s3tests-henv606gq460v2mm8jmxp-18/
boto: DEBUG: auth_path=/s3tests-henv606gq460v2mm8jmxp-18/
boto: DEBUG: path=/s3tests-henv606gq460v2mm8jmxp-18/?versioning
boto: DEBUG: auth_path=/s3tests-henv606gq460v2mm8jmxp-18/?versioning
boto: DEBUG: Method: GET
boto: DEBUG: Path: /s3tests-henv606gq460v2mm8jmxp-18/?versioning
boto: DEBUG: Data: 
boto: DEBUG: Headers: {}
boto: DEBUG: Host: s3.amazonaws.com
boto: DEBUG: Port: 443
boto: DEBUG: Params: {}
boto: DEBUG: Token: None
boto: DEBUG: StringToSign:
GET


Fri, 21 Jun 2019 20:53:10 GMT
/s3tests-henv606gq460v2mm8jmxp-18/?versioning
boto: DEBUG: Signature:
AWS :/gPTMddRNl4jf+gLsXZJn0BXaM8=
boto: DEBUG: Final headers: {'Date': 'Fri, 21 Jun 2019 20:53:10 GMT', 'Content-Length': '0', 'Authorization': u'AWS :/gPTMddRNl4jf+gLsXZJn0BXaM8=', 'User-Agent': 'Boto/2.49.0 Python/2.7.5 Linux/3.10.0-957.12.2.el7.x86_64'}
boto: DEBUG: Response headers: [('x-amz-id-2', 'r8sgzRNzjfBkdy/DbL4u6g6jeXpbOk6u4HCB7QaWEtnwCm4QZWdH6K2vqlbqGfeCqXFkSSAJbq0='), ('date', 'Fri, 21 Jun 2019 20:53:09 GMT'), ('transfer-encoding', 'chunked'), ('x-amz-request-id', '71100C4F588503E0'), ('server', 'AmazonS3')]
boto: DEBUG: <?xml version="1.0" encoding="UTF-8"?>
<VersioningConfiguration xmlns="http://s3.amazonaws.com/doc/2006-03-01/"/>
boto: DEBUG: path=/s3tests-henv606gq460v2mm8jmxp-18/
boto: DEBUG: auth_path=/s3tests-henv606gq460v2mm8jmxp-18/
boto: DEBUG: path=/s3tests-henv606gq460v2mm8jmxp-18/?versioning
boto: DEBUG: auth_path=/s3tests-henv606gq460v2mm8jmxp-18/?versioning
boto: DEBUG: Method: GET
boto: DEBUG: Path: /s3tests-henv606gq460v2mm8jmxp-18/?versioning
boto: DEBUG: Data: 
boto: DEBUG: Headers: {}
boto: DEBUG: Host: s3.amazonaws.com
boto: DEBUG: Port: 443
boto: DEBUG: Params: {}
boto: DEBUG: Token: None
boto: DEBUG: StringToSign:
GET


Fri, 21 Jun 2019 20:53:11 GMT
/s3tests-henv606gq460v2mm8jmxp-18/?versioning
boto: DEBUG: Signature:
AWS :c89gYhxbl+97rnSBrZ2WnokwU60=
boto: DEBUG: Final headers: {'Date': 'Fri, 21 Jun 2019 20:53:11 GMT', 'Content-Length': '0', 'Authorization': u'AWS :c89gYhxbl+97rnSBrZ2WnokwU60=', 'User-Agent': 'Boto/2.49.0 Python/2.7.5 Linux/3.10.0-957.12.2.el7.x86_64'}
boto: DEBUG: Response headers: [('x-amz-id-2', '4h/DU3TYtCg/LLnwLH+KP2OChKuu07twjZcXvHaeVrReBqC9kb7OA0gM3Fm6XZEPctQuYjKc8E8='), ('date', 'Fri, 21 Jun 2019 20:53:10 GMT'), ('transfer-encoding', 'chunked'), ('x-amz-request-id', '30174719E5CBCD4B'), ('server', 'AmazonS3')]
boto: DEBUG: <?xml version="1.0" encoding="UTF-8"?>
<VersioningConfiguration xmlns="http://s3.amazonaws.com/doc/2006-03-01/"/>
boto: DEBUG: path=/s3tests-henv606gq460v2mm8jmxp-18/
boto: DEBUG: auth_path=/s3tests-henv606gq460v2mm8jmxp-18/
boto: DEBUG: path=/s3tests-henv606gq460v2mm8jmxp-18/?versioning
boto: DEBUG: auth_path=/s3tests-henv606gq460v2mm8jmxp-18/?versioning
boto: DEBUG: Method: GET
boto: DEBUG: Path: /s3tests-henv606gq460v2mm8jmxp-18/?versioning
boto: DEBUG: Data: 
boto: DEBUG: Headers: {}
boto: DEBUG: Host: s3.amazonaws.com
boto: DEBUG: Port: 443
boto: DEBUG: Params: {}
boto: DEBUG: Token: None
boto: DEBUG: StringToSign:
GET


Fri, 21 Jun 2019 20:53:12 GMT
/s3tests-henv606gq460v2mm8jmxp-18/?versioning
boto: DEBUG: Signature:
AWS :trb3/oMbt5Ap5usdgnjKQ/UBVnI=
boto: DEBUG: Final headers: {'Date': 'Fri, 21 Jun 2019 20:53:12 GMT', 'Content-Length': '0', 'Authorization': u'AWS :trb3/oMbt5Ap5usdgnjKQ/UBVnI=', 'User-Agent': 'Boto/2.49.0 Python/2.7.5 Linux/3.10.0-957.12.2.el7.x86_64'}
boto: DEBUG: Response headers: [('x-amz-id-2', '6Ij5G806jyvJu/93M75dTMlQq77wJBmUKgWT3+Rs/MtKvT2J//SXSmY5QTvZSGzduG9H7GNKsAI='), ('date', 'Fri, 21 Jun 2019 20:53:11 GMT'), ('transfer-encoding', 'chunked'), ('x-amz-request-id', '64A741110A500D63'), ('server', 'AmazonS3')]
boto: DEBUG: <?xml version="1.0" encoding="UTF-8"?>
<VersioningConfiguration xmlns="http://s3.amazonaws.com/doc/2006-03-01/"/>
boto: DEBUG: path=/s3tests-henv606gq460v2mm8jmxp-18/
boto: DEBUG: auth_path=/s3tests-henv606gq460v2mm8jmxp-18/
boto: DEBUG: path=/s3tests-henv606gq460v2mm8jmxp-18/?versioning
boto: DEBUG: auth_path=/s3tests-henv606gq460v2mm8jmxp-18/?versioning
boto: DEBUG: Method: GET
boto: DEBUG: Path: /s3tests-henv606gq460v2mm8jmxp-18/?versioning
boto: DEBUG: Data: 
boto: DEBUG: Headers: {}
boto: DEBUG: Host: s3.amazonaws.com
boto: DEBUG: Port: 443
boto: DEBUG: Params: {}
boto: DEBUG: Token: None
boto: DEBUG: StringToSign:
GET


Fri, 21 Jun 2019 20:53:13 GMT
/s3tests-henv606gq460v2mm8jmxp-18/?versioning
boto: DEBUG: Signature:
AWS :7s2sjyFoKFlpsEwLf0q4zID7kPI=
boto: DEBUG: Final headers: {'Date': 'Fri, 21 Jun 2019 20:53:13 GMT', 'Content-Length': '0', 'Authorization': u'AWS :7s2sjyFoKFlpsEwLf0q4zID7kPI=', 'User-Agent': 'Boto/2.49.0 Python/2.7.5 Linux/3.10.0-957.12.2.el7.x86_64'}
boto: DEBUG: Response headers: [('x-amz-id-2', 'v87RceVNsgb8njQHCKrxroQmx1SsvWGs+xlyEn7a4a8Eh7+SwBrY8cY3IjjIMQdFNStgWhTQrHY='), ('date', 'Fri, 21 Jun 2019 20:53:12 GMT'), ('transfer-encoding', 'chunked'), ('x-amz-request-id', 'EF0A3FDF6FA3A66E'), ('server', 'AmazonS3')]
boto: DEBUG: <?xml version="1.0" encoding="UTF-8"?>
<VersioningConfiguration xmlns="http://s3.amazonaws.com/doc/2006-03-01/"/>
boto: DEBUG: path=/s3tests-henv606gq460v2mm8jmxp-18/
boto: DEBUG: auth_path=/s3tests-henv606gq460v2mm8jmxp-18/
boto: DEBUG: path=/s3tests-henv606gq460v2mm8jmxp-18/?versioning
boto: DEBUG: auth_path=/s3tests-henv606gq460v2mm8jmxp-18/?versioning
boto: DEBUG: Method: GET
boto: DEBUG: Path: /s3tests-henv606gq460v2mm8jmxp-18/?versioning
boto: DEBUG: Data: 
boto: DEBUG: Headers: {}
boto: DEBUG: Host: s3.amazonaws.com
boto: DEBUG: Port: 443
boto: DEBUG: Params: {}
boto: DEBUG: Token: None
boto: DEBUG: StringToSign:
GET


Fri, 21 Jun 2019 20:53:14 GMT
/s3tests-henv606gq460v2mm8jmxp-18/?versioning
boto: DEBUG: Signature:
AWS :KxgQvpE8w5Xerq/jqSJj7gE6ccM=
boto: DEBUG: Final headers: {'Date': 'Fri, 21 Jun 2019 20:53:14 GMT', 'Content-Length': '0', 'Authorization': u'AWS :KxgQvpE8w5Xerq/jqSJj7gE6ccM=', 'User-Agent': 'Boto/2.49.0 Python/2.7.5 Linux/3.10.0-957.12.2.el7.x86_64'}
boto: DEBUG: Response headers: [('x-amz-id-2', 'bea+DQJi1k2iHENg6jzKdJZdGeyNDPKweyHHrtQpl9Vt5k/qMeluviaB3b4YhBjBPbjYCAs4Ssk='), ('date', 'Fri, 21 Jun 2019 20:53:14 GMT'), ('transfer-encoding', 'chunked'), ('x-amz-request-id', 'E805DD210A70366D'), ('server', 'AmazonS3')]
boto: DEBUG: <?xml version="1.0" encoding="UTF-8"?>
<VersioningConfiguration xmlns="http://s3.amazonaws.com/doc/2006-03-01/"/>
--------------------- >> end captured logging << ---------------------

======================================================================
FAIL: s3tests.functional.test_s3.test_append_object
----------------------------------------------------------------------
Traceback (most recent call last):
  File "/root/s3-tests/virtualenv/lib/python2.7/site-packages/nose/case.py", line 197, in runTest
    self.test(*self.arg)
  File "/root/s3-tests/s3tests/functional/test_s3.py", line 174, in test_append_object
    eq(key.size, 6)
AssertionError: 3 != 6
-------------------- >> begin captured stdout << ---------------------
200 OK
200 OK

--------------------- >> end captured stdout << ----------------------
-------------------- >> begin captured logging << --------------------
boto: DEBUG: path=/s3tests-henv606gq460v2mm8jmxp-19/
boto: DEBUG: auth_path=/s3tests-henv606gq460v2mm8jmxp-19/
boto: DEBUG: Method: PUT
boto: DEBUG: Path: /s3tests-henv606gq460v2mm8jmxp-19/
boto: DEBUG: Data: 
boto: DEBUG: Headers: {}
boto: DEBUG: Host: s3.amazonaws.com
boto: DEBUG: Port: 443
boto: DEBUG: Params: {}
boto: DEBUG: Token: None
boto: DEBUG: StringToSign:
PUT


Fri, 21 Jun 2019 20:53:15 GMT
/s3tests-henv606gq460v2mm8jmxp-19/
boto: DEBUG: Signature:
AWS :6nX1IBPVat6vtIfLkt2uYyS2mIM=
boto: DEBUG: Final headers: {'Date': 'Fri, 21 Jun 2019 20:53:15 GMT', 'Content-Length': '0', 'Authorization': u'AWS :6nX1IBPVat6vtIfLkt2uYyS2mIM=', 'User-Agent': 'Boto/2.49.0 Python/2.7.5 Linux/3.10.0-957.12.2.el7.x86_64'}
boto: DEBUG: Response headers: [('content-length', '0'), ('x-amz-id-2', 'oix6jlTXtFHzXOpqUtNyDrFfU4mmL/Qgjhh4z6TnhB+EeCXOmAN5AQkPTWdxcBcqYyhMSX/ghjk='), ('server', 'AmazonS3'), ('x-amz-request-id', '2F0791C5C0F18A3F'), ('location', '/s3tests-henv606gq460v2mm8jmxp-19'), ('date', 'Fri, 21 Jun 2019 20:53:15 GMT')]
boto: DEBUG: path=/s3tests-henv606gq460v2mm8jmxp-19/foo
boto: DEBUG: auth_path=/s3tests-henv606gq460v2mm8jmxp-19/foo
boto: DEBUG: Method: HEAD
boto: DEBUG: Path: /s3tests-henv606gq460v2mm8jmxp-19/foo
boto: DEBUG: Data: 
boto: DEBUG: Headers: {}
boto: DEBUG: Host: s3.amazonaws.com
boto: DEBUG: Port: 443
boto: DEBUG: Params: {}
boto: DEBUG: Token: None
boto: DEBUG: StringToSign:
HEAD


Fri, 21 Jun 2019 20:53:16 GMT
/s3tests-henv606gq460v2mm8jmxp-19/foo
boto: DEBUG: Signature:
AWS :QnCwhGsB4n7SlbK42zbHHFW0Ugs=
boto: DEBUG: Final headers: {'Date': 'Fri, 21 Jun 2019 20:53:16 GMT', 'Content-Length': '0', 'Authorization': u'AWS :QnCwhGsB4n7SlbK42zbHHFW0Ugs=', 'User-Agent': 'Boto/2.49.0 Python/2.7.5 Linux/3.10.0-957.12.2.el7.x86_64'}
boto: DEBUG: Response headers: [('content-length', '3'), ('x-amz-id-2', 'Jp75dulWXZXHztGBbNhbDJsKfGV5vDNhiG/fdgwOS4p6qirLL9vTSDrL6RCX1JvVvhUC9tIiysI='), ('accept-ranges', 'bytes'), ('server', 'AmazonS3'), ('last-modified', 'Fri, 21 Jun 2019 20:53:15 GMT'), ('x-amz-request-id', '28F1297F0CD1C590'), ('etag', '"900150983cd24fb0d6963f7d28e17f72"'), ('date', 'Fri, 21 Jun 2019 20:53:15 GMT'), ('content-type', 'binary/octet-stream')]
--------------------- >> end captured logging << ---------------------

======================================================================
FAIL: s3tests.functional.test_s3.test_append_normal_object
----------------------------------------------------------------------
Traceback (most recent call last):
  File "/root/s3-tests/virtualenv/lib/python2.7/site-packages/nose/case.py", line 197, in runTest
    self.test(*self.arg)
  File "/root/s3-tests/s3tests/functional/test_s3.py", line 192, in test_append_normal_object
    eq(res.status, 409)
AssertionError: 200 != 409
-------------------- >> begin captured stdout << ---------------------
reply: 'HTTP/1.1 100 Continue\r\n'
reply: 'HTTP/1.1 200 OK\r\n'
header: x-amz-id-2: zJZhC3SVrQpJaJtxAacoDlIvtk63Gqh4nO9L2ldiZTAroQhrxima8kF+deX7EunhYMFnyb65tcE=
header: x-amz-request-id: C884A6DE9FBD9E0E
header: Date: Fri, 21 Jun 2019 20:53:15 GMT
header: ETag: "900150983cd24fb0d6963f7d28e17f72"
header: Content-Length: 0
header: Server: AmazonS3
200 OK

--------------------- >> end captured stdout << ----------------------
-------------------- >> begin captured logging << --------------------
boto: DEBUG: path=/s3tests-henv606gq460v2mm8jmxp-20/
boto: DEBUG: auth_path=/s3tests-henv606gq460v2mm8jmxp-20/
boto: DEBUG: Method: PUT
boto: DEBUG: Path: /s3tests-henv606gq460v2mm8jmxp-20/
boto: DEBUG: Data: 
boto: DEBUG: Headers: {}
boto: DEBUG: Host: s3.amazonaws.com
boto: DEBUG: Port: 443
boto: DEBUG: Params: {}
boto: DEBUG: Token: None
boto: DEBUG: StringToSign:
PUT


Fri, 21 Jun 2019 20:53:16 GMT
/s3tests-henv606gq460v2mm8jmxp-20/
boto: DEBUG: Signature:
AWS :PsW2v5hXD6EK3QGZM+PR+ct/yHQ=
boto: DEBUG: Final headers: {'Date': 'Fri, 21 Jun 2019 20:53:16 GMT', 'Content-Length': '0', 'Authorization': u'AWS :PsW2v5hXD6EK3QGZM+PR+ct/yHQ=', 'User-Agent': 'Boto/2.49.0 Python/2.7.5 Linux/3.10.0-957.12.2.el7.x86_64'}
boto: DEBUG: Response headers: [('content-length', '0'), ('x-amz-id-2', 'DF7Bfju9L0TofGeHCuxJiXSEnPvyJmn/bpussI1YzYqvKrrhZHbg4Eg66T5Q4ijTXeJHYKDBkJQ='), ('server', 'AmazonS3'), ('x-amz-request-id', '13CE6C03E9CE6CD2'), ('location', '/s3tests-henv606gq460v2mm8jmxp-20'), ('date', 'Fri, 21 Jun 2019 20:53:15 GMT')]
boto: DEBUG: path=/s3tests-henv606gq460v2mm8jmxp-20/foo
boto: DEBUG: auth_path=/s3tests-henv606gq460v2mm8jmxp-20/foo
boto: DEBUG: Method: PUT
boto: DEBUG: Path: /s3tests-henv606gq460v2mm8jmxp-20/foo
boto: DEBUG: Data: 
boto: DEBUG: Headers: {'Content-Length': '3', 'Content-MD5': u'kAFQmDzST7DWlj99KOF/cg==', 'Content-Type': 'application/octet-stream', 'Expect': '100-Continue', 'User-Agent': 'Boto/2.49.0 Python/2.7.5 Linux/3.10.0-957.12.2.el7.x86_64'}
boto: DEBUG: Host: s3.amazonaws.com
boto: DEBUG: Port: 443
boto: DEBUG: Params: {}
boto: DEBUG: Token: None
boto: DEBUG: StringToSign:
PUT
kAFQmDzST7DWlj99KOF/cg==
application/octet-stream
Fri, 21 Jun 2019 20:53:16 GMT
/s3tests-henv606gq460v2mm8jmxp-20/foo
boto: DEBUG: Signature:
AWS :pa45kwOMmY4+oq5bNuCi+UDiGLU=
boto: DEBUG: Final headers: {'Content-Length': '3', 'Content-MD5': 'kAFQmDzST7DWlj99KOF/cg==', 'Expect': '100-Continue', 'Date': 'Fri, 21 Jun 2019 20:53:16 GMT', 'User-Agent': 'Boto/2.49.0 Python/2.7.5 Linux/3.10.0-957.12.2.el7.x86_64', 'Content-Type': 'application/octet-stream', 'Authorization': u'AWS :pa45kwOMmY4+oq5bNuCi+UDiGLU='}
boto: DEBUG: Response headers: [('content-length', '0'), ('x-amz-id-2', 'zJZhC3SVrQpJaJtxAacoDlIvtk63Gqh4nO9L2ldiZTAroQhrxima8kF+deX7EunhYMFnyb65tcE='), ('server', 'AmazonS3'), ('x-amz-request-id', 'C884A6DE9FBD9E0E'), ('etag', '"900150983cd24fb0d6963f7d28e17f72"'), ('date', 'Fri, 21 Jun 2019 20:53:15 GMT')]
--------------------- >> end captured logging << ---------------------

======================================================================
FAIL: s3tests.functional.test_s3.test_append_object_position_wrong
----------------------------------------------------------------------
Traceback (most recent call last):
  File "/root/s3-tests/virtualenv/lib/python2.7/site-packages/nose/case.py", line 197, in runTest
    self.test(*self.arg)
  File "/root/s3-tests/s3tests/functional/test_s3.py", line 212, in test_append_object_position_wrong
    eq(res.status, 409)
AssertionError: 200 != 409
-------------------- >> begin captured stdout << ---------------------
send: 'PUT /s3tests-henv606gq460v2mm8jmxp-21/ HTTP/1.1\r\nHost: s3.amazonaws.com\r\nAccept-Encoding: identity\r\nDate: Fri, 21 Jun 2019 20:53:16 GMT\r\nContent-Length: 0\r\nAuthorization: AWS :ksyz2VEMesvBOdVlObdz1ZXdRr0=\r\nUser-Agent: Boto/2.49.0 Python/2.7.5 Linux/3.10.0-957.12.2.el7.x86_64\r\n\r\n'
reply: 'HTTP/1.1 200 OK\r\n'
header: x-amz-id-2: 1Mw4NUcmKVK2UfpvWHe+YZmUQJyQ/n4A29DdQ5d+Zt+gi/ltEIF1GR267GkMrodGRwdPO+T7OS0=
header: x-amz-request-id: 42E2BA66CC3DD424
header: Date: Fri, 21 Jun 2019 20:53:16 GMT
header: Location: /s3tests-henv606gq460v2mm8jmxp-21
header: Content-Length: 0
header: Server: AmazonS3
200 OK
200 OK

--------------------- >> end captured stdout << ----------------------
-------------------- >> begin captured logging << --------------------
boto: DEBUG: path=/s3tests-henv606gq460v2mm8jmxp-21/
boto: DEBUG: auth_path=/s3tests-henv606gq460v2mm8jmxp-21/
boto: DEBUG: Method: PUT
boto: DEBUG: Path: /s3tests-henv606gq460v2mm8jmxp-21/
boto: DEBUG: Data: 
boto: DEBUG: Headers: {}
boto: DEBUG: Host: s3.amazonaws.com
boto: DEBUG: Port: 443
boto: DEBUG: Params: {}
boto: DEBUG: Token: None
boto: DEBUG: StringToSign:
PUT


Fri, 21 Jun 2019 20:53:16 GMT
/s3tests-henv606gq460v2mm8jmxp-21/
boto: DEBUG: Signature:
AWS :ksyz2VEMesvBOdVlObdz1ZXdRr0=
boto: DEBUG: Final headers: {'Date': 'Fri, 21 Jun 2019 20:53:16 GMT', 'Content-Length': '0', 'Authorization': u'AWS :ksyz2VEMesvBOdVlObdz1ZXdRr0=', 'User-Agent': 'Boto/2.49.0 Python/2.7.5 Linux/3.10.0-957.12.2.el7.x86_64'}
boto: DEBUG: Response headers: [('content-length', '0'), ('x-amz-id-2', '1Mw4NUcmKVK2UfpvWHe+YZmUQJyQ/n4A29DdQ5d+Zt+gi/ltEIF1GR267GkMrodGRwdPO+T7OS0='), ('server', 'AmazonS3'), ('x-amz-request-id', '42E2BA66CC3DD424'), ('location', '/s3tests-henv606gq460v2mm8jmxp-21'), ('date', 'Fri, 21 Jun 2019 20:53:16 GMT')]
--------------------- >> end captured logging << ---------------------

======================================================================
FAIL: s3tests.functional.test_s3.test_bucket_policy_put_obj_request_obj_tag
----------------------------------------------------------------------
Traceback (most recent call last):
  File "/root/s3-tests/virtualenv/lib/python2.7/site-packages/nose/case.py", line 197, in runTest
    self.test(*self.arg)
  File "/root/s3-tests/s3tests/functional/test_s3.py", line 1100, in test_bucket_policy_put_obj_request_obj_tag
    check_access_denied(key1.set_contents_from_string, key1_str)
  File "/root/s3-tests/s3tests/functional/test_s3.py", line 57, in check_access_denied
    e = assert_raises(boto.exception.S3ResponseError, fn, *args, **kwargs)
  File "/root/s3-tests/s3tests/functional/utils.py", line 21, in assert_raises
    raise AssertionError("%s not raised" % excName)
AssertionError: S3ResponseError not raised
-------------------- >> begin captured stdout << ---------------------
reply: 'HTTP/1.1 100 Continue\r\n'
reply: 'HTTP/1.1 200 OK\r\n'
header: x-amz-id-2: w679umpp9oyBl1QrhDpU48aQgXE1SmbQOwDcgPRscJZmIUnkC2T5qGpQAMLzL/Hou0EWDBuvwqw=
header: x-amz-request-id: 9F9E95C094DCC33F
header: Date: Fri, 21 Jun 2019 20:53:24 GMT
header: ETag: "cdc53b86c781e8545e4700dedfbe9409"
header: Content-Length: 0
header: Server: AmazonS3

--------------------- >> end captured stdout << ----------------------
-------------------- >> begin captured logging << --------------------
boto: DEBUG: path=/s3tests-henv606gq460v2mm8jmxp-29/
boto: DEBUG: auth_path=/s3tests-henv606gq460v2mm8jmxp-29/
boto: DEBUG: Method: PUT
boto: DEBUG: Path: /s3tests-henv606gq460v2mm8jmxp-29/
boto: DEBUG: Data: 
boto: DEBUG: Headers: {}
boto: DEBUG: Host: s3.amazonaws.com
boto: DEBUG: Port: 443
boto: DEBUG: Params: {}
boto: DEBUG: establishing HTTPS connection: host=s3.amazonaws.com, kwargs={'port': 443, 'timeout': 100}
boto: DEBUG: Token: None
boto: DEBUG: StringToSign:
PUT


Fri, 21 Jun 2019 20:53:24 GMT
/s3tests-henv606gq460v2mm8jmxp-29/
boto: DEBUG: Signature:
AWS :FJXW05jIKqtHHuYUvoCOglTmIII=
boto: DEBUG: Final headers: {'Date': 'Fri, 21 Jun 2019 20:53:24 GMT', 'Content-Length': '0', 'Authorization': u'AWS :FJXW05jIKqtHHuYUvoCOglTmIII=', 'User-Agent': 'Boto/2.49.0 Python/2.7.5 Linux/3.10.0-957.12.2.el7.x86_64'}
boto: DEBUG: wrapping ssl socket; CA certificate file=/root/s3-tests/virtualenv/lib/python2.7/site-packages/boto/cacerts/cacerts.txt
boto: DEBUG: validating server certificate: hostname=s3.amazonaws.com, certificate hosts=['s3.amazonaws.com', '*.s3.amazonaws.com', '*.s3.dualstack.us-east-1.amazonaws.com', 's3.dualstack.us-east-1.amazonaws.com', '*.s3.us-east-1.amazonaws.com', 's3.us-east-1.amazonaws.com', '*.s3-control.us-east-1.amazonaws.com', 's3-control.us-east-1.amazonaws.com', '*.s3-control.dualstack.us-east-1.amazonaws.com', 's3-control.dualstack.us-east-1.amazonaws.com']
boto: DEBUG: Response headers: [('content-length', '0'), ('x-amz-id-2', '3XEk+T6/azpZZmTIgnCYkWutvBb/hWz1M/mkjuEpicuC8OEXbH+v4mW4pqXQeeIlJ93SMVOYjg0='), ('server', 'AmazonS3'), ('x-amz-request-id', '462561173DAFBF4B'), ('location', '/s3tests-henv606gq460v2mm8jmxp-29'), ('date', 'Fri, 21 Jun 2019 20:53:23 GMT')]
boto: DEBUG: path=/s3tests-henv606gq460v2mm8jmxp-29/
boto: DEBUG: auth_path=/s3tests-henv606gq460v2mm8jmxp-29/
boto: DEBUG: path=/s3tests-henv606gq460v2mm8jmxp-29/?policy
boto: DEBUG: auth_path=/s3tests-henv606gq460v2mm8jmxp-29/?policy
boto: DEBUG: Method: PUT
boto: DEBUG: Path: /s3tests-henv606gq460v2mm8jmxp-29/?policy
boto: DEBUG: Data: {"Version": "2012-10-17", "Statement": [{"Action": "s3:PutObject", "Resource": "arn:aws:s3:::s3tests-henv606gq460v2mm8jmxp-29/*", "Effect": "Allow", "Condition": {"StringEquals": {"s3:RequestObjectTag/security": "public"}}, "Principal": {"AWS": "*"}}]}
boto: DEBUG: Headers: {}
boto: DEBUG: Host: s3.amazonaws.com
boto: DEBUG: Port: 443
boto: DEBUG: Params: {}
boto: DEBUG: Token: None
boto: DEBUG: StringToSign:
PUT


Fri, 21 Jun 2019 20:53:24 GMT
/s3tests-henv606gq460v2mm8jmxp-29/?policy
boto: DEBUG: Signature:
AWS :MmwA5426meYFelQYfbbczZzpbHc=
boto: DEBUG: Final headers: {'Date': 'Fri, 21 Jun 2019 20:53:24 GMT', 'Content-Length': '252', 'Authorization': u'AWS :MmwA5426meYFelQYfbbczZzpbHc=', 'User-Agent': 'Boto/2.49.0 Python/2.7.5 Linux/3.10.0-957.12.2.el7.x86_64'}
boto: DEBUG: Response headers: [('x-amz-id-2', 'nmgKJAiQvdQBt8EcmSoGwWCt0t5o0wj0yxMyDSno9m4ERDLqPdX1QBQCnr0SA/47t8+yrjYwPhE='), ('date', 'Fri, 21 Jun 2019 20:53:23 GMT'), ('x-amz-request-id', '87570CB1064B3E88'), ('server', 'AmazonS3')]
boto: DEBUG: Using access key provided by client.
boto: DEBUG: Using secret key provided by client.
boto: DEBUG: path=/s3tests-henv606gq460v2mm8jmxp-29/testobj
boto: DEBUG: auth_path=/s3tests-henv606gq460v2mm8jmxp-29/testobj
boto: DEBUG: Method: PUT
boto: DEBUG: Path: /s3tests-henv606gq460v2mm8jmxp-29/testobj
boto: DEBUG: Data: 
boto: DEBUG: Headers: {'Content-Length': '7', 'Content-MD5': u'zcU7hseB6FReRwDe376UCQ==', 'Content-Type': 'application/octet-stream', 'Expect': '100-Continue', 'User-Agent': 'Boto/2.49.0 Python/2.7.5 Linux/3.10.0-957.12.2.el7.x86_64'}
boto: DEBUG: Host: s3.amazonaws.com
boto: DEBUG: Port: 443
boto: DEBUG: Params: {}
boto: DEBUG: establishing HTTPS connection: host=s3.amazonaws.com, kwargs={'port': 443, 'timeout': 100}
boto: DEBUG: Token: None
boto: DEBUG: StringToSign:
PUT
zcU7hseB6FReRwDe376UCQ==
application/octet-stream
Fri, 21 Jun 2019 20:53:24 GMT
/s3tests-henv606gq460v2mm8jmxp-29/testobj
boto: DEBUG: Signature:
AWS :7E5Ky2xTZ1ph6F0NmHjn1Broq3o=
boto: DEBUG: Final headers: {'Content-Length': '7', 'Content-MD5': 'zcU7hseB6FReRwDe376UCQ==', 'Expect': '100-Continue', 'Date': 'Fri, 21 Jun 2019 20:53:24 GMT', 'User-Agent': 'Boto/2.49.0 Python/2.7.5 Linux/3.10.0-957.12.2.el7.x86_64', 'Content-Type': 'application/octet-stream', 'Authorization': u'AWS :7E5Ky2xTZ1ph6F0NmHjn1Broq3o='}
boto: DEBUG: wrapping ssl socket; CA certificate file=/root/s3-tests/virtualenv/lib/python2.7/site-packages/boto/cacerts/cacerts.txt
boto: DEBUG: validating server certificate: hostname=s3.amazonaws.com, certificate hosts=['s3.amazonaws.com', '*.s3.amazonaws.com', '*.s3.dualstack.us-east-1.amazonaws.com', 's3.dualstack.us-east-1.amazonaws.com', '*.s3.us-east-1.amazonaws.com', 's3.us-east-1.amazonaws.com', '*.s3-control.us-east-1.amazonaws.com', 's3-control.us-east-1.amazonaws.com', '*.s3-control.dualstack.us-east-1.amazonaws.com', 's3-control.dualstack.us-east-1.amazonaws.com']
boto: DEBUG: Response headers: [('content-length', '0'), ('x-amz-id-2', 'w679umpp9oyBl1QrhDpU48aQgXE1SmbQOwDcgPRscJZmIUnkC2T5qGpQAMLzL/Hou0EWDBuvwqw='), ('server', 'AmazonS3'), ('x-amz-request-id', '9F9E95C094DCC33F'), ('etag', '"cdc53b86c781e8545e4700dedfbe9409"'), ('date', 'Fri, 21 Jun 2019 20:53:24 GMT')]
--------------------- >> end captured logging << ---------------------

----------------------------------------------------------------------
XML: /root/s3-tests/output/2019-06-21_1553/nosetests.xml
----------------------------------------------------------------------
Ran 68 tests in 27.329s

FAILED (errors=6, failures=5)
